Using pre-set license
Built from '2020.3/release' branch; Version is '2020.3.1f1 (77a89f25062f) revision 7841951'; Using compiler version '192528614'; Build Type 'Release'
OS: 'Windows 10 Pro; OS build 19042.928; Version 2009; 64bit' Language: 'en' Physical Memory: 16308 MB
BatchMode: 1, IsHumanControllingUs: 0, StartBugReporterOnCrash: 0, Is64bit: 1, IsPro: 0

 COMMAND LINE ARGUMENTS:
C:\Program Files\Unity\Hub\Editor\2020.3.1f1\Editor\Unity.exe
-adb2
-batchMode
-noUpm
-name
AssetImportWorker0
-projectPath
C:/Users/tommy/PaletteSHOCK
-logFile
Logs/AssetImportWorker0.log
-srvPort
54661
Successfully changed project path to: C:/Users/tommy/PaletteSHOCK
C:/Users/tommy/PaletteSHOCK
Using Asset Import Pipeline V2.
Unable to join player connection multicast group.

Refreshing native plugins compatible for Editor in 25.91 ms, found 0 plugins.
Preloading 0 native plugins for Editor in 0.00 ms.
Initialize engine version: 2020.3.1f1 (77a89f25062f)
[Subsystems] Discovering subsystems at path C:/Program Files/Unity/Hub/Editor/2020.3.1f1/Editor/Data/Resources/UnitySubsystems
[Subsystems] Discovering subsystems at path C:/Users/tommy/PaletteSHOCK/Assets
GfxDevice: creating device client; threaded=0
Direct3D:
    Version:  Direct3D 11.0 [level 11.1]
    Renderer: NVIDIA GeForce GTX 1070 (ID=0x1b81)
    Vendor:   
    VRAM:     8088 MB
    Driver:   27.21.14.6079
Initialize mono
Mono path[0] = 'C:/Program Files/Unity/Hub/Editor/2020.3.1f1/Editor/Data/Managed'
Mono path[1] = 'C:/Program Files/Unity/Hub/Editor/2020.3.1f1/Editor/Data/MonoBleedingEdge/lib/mono/unityjit'
Mono config path = 'C:/Program Files/Unity/Hub/Editor/2020.3.1f1/Editor/Data/MonoBleedingEdge/etc'
Using monoOptions --debugger-agent=transport=dt_socket,embedding=1,server=y,suspend=n,address=127.0.0.1:56924
Begin MonoManager ReloadAssembly
Registering precompiled unity dll's ...
Register platform support module: C:/Program Files/Unity/Hub/Editor/2020.3.1f1/Editor/Data/PlaybackEngines/WebGLSupport/UnityEditor.WebGL.Extensions.dll
Register platform support module: C:/Program Files/Unity/Hub/Editor/2020.3.1f1/Editor/Data/PlaybackEngines/WindowsStandaloneSupport/UnityEditor.WindowsStandalone.Extensions.dll
Registered in 0.003402 seconds.
Native extension for WindowsStandalone target not found
Native extension for WebGL target not found
Refreshing native plugins compatible for Editor in 31.44 ms, found 0 plugins.
Preloading 0 native plugins for Editor in 0.00 ms.
Invoked RoslynAnalysisRunner static constructor.
RoslynAnalysisRunner will not be running.
RoslynAnalysisRunner has terminated.
Mono: successfully reloaded assembly
- Completed reload, in  0.999 seconds
Platform modules already initialized, skipping
Registering precompiled user dll's ...
Registered in 0.000745 seconds.
Begin MonoManager ReloadAssembly
Native extension for WindowsStandalone target not found
Native extension for WebGL target not found
Refreshing native plugins compatible for Editor in 0.27 ms, found 0 plugins.
Preloading 0 native plugins for Editor in 0.00 ms.
Invoked RoslynAnalysisRunner static constructor.
RoslynAnalysisRunner will not be running.
RoslynAnalysisRunner has terminated.
Mono: successfully reloaded assembly
- Completed reload, in  0.760 seconds
Platform modules already initialized, skipping
========================================================================
Worker process is ready to serve import requests
Launched and connected shader compiler UnityShaderCompiler.exe after 0.06 seconds
Refreshing native plugins compatible for Editor in 0.36 ms, found 0 plugins.
Preloading 0 native plugins for Editor in 0.00 ms.
Unloading 1532 Unused Serialized files (Serialized files now loaded: 0)
System memory in use before: 77.2 MB.
System memory in use after: 77.2 MB.

Unloading 67 unused Assets to reduce memory usage. Loaded Objects now: 1976.
Total: 2.293000 ms (FindLiveObjects: 0.253400 ms CreateObjectMapping: 0.109600 ms MarkObjects: 1.700600 ms  DeleteObjects: 0.228000 ms)

========================================================================
Received Import Request.
  path: Assets/Scripts/Goal.cs
  artifactKey: Guid(4a0070a4f16ebfc4f995d937f3bcf00e) Importer(815301076,1909f56bfc062723c751e8b465ee728b)
Start importing Assets/Scripts/Goal.cs using Guid(4a0070a4f16ebfc4f995d937f3bcf00e) Importer(815301076,1909f56bfc062723c751e8b465ee728b)  -> (artifact id: '4f355b17a07766f7dc68bd216ebd1ac3') in 0.034895 seconds
  Import took 0.037209 seconds .

========================================================================
Received Prepare
Refreshing native plugins compatible for Editor in 0.71 ms, found 0 plugins.
Preloading 0 native plugins for Editor in 0.00 ms.
Unloading 3 Unused Serialized files (Serialized files now loaded: 0)
System memory in use before: 44.5 MB.
System memory in use after: 44.6 MB.

Unloading 3 unused Assets to reduce memory usage. Loaded Objects now: 1976.
Total: 2.167100 ms (FindLiveObjects: 0.183400 ms CreateObjectMapping: 0.060200 ms MarkObjects: 1.851700 ms  DeleteObjects: 0.070800 ms)

========================================================================
Received Prepare
Registering precompiled user dll's ...
Registered in 0.000706 seconds.
Begin MonoManager ReloadAssembly
Native extension for WindowsStandalone target not found
Native extension for WebGL target not found
Refreshing native plugins compatible for Editor in 0.27 ms, found 0 plugins.
Preloading 0 native plugins for Editor in 0.00 ms.
Warning: Annotation not found!
UnityEngine.StackTraceUtility:ExtractStackTrace ()
UnityEditor.ProBuilder.EditorUtility:SetGizmoIconEnabled (System.Type,bool) (at Library/PackageCache/com.unity.probuilder@4.5.0/Editor/EditorCore/EditorUtility.cs:593)
UnityEditor.ProBuilder.HierarchyListener:.cctor () (at Library/PackageCache/com.unity.probuilder@4.5.0/Editor/EditorCore/HierarchyListener.cs:21)
System.Runtime.CompilerServices.RuntimeHelpers:RunClassConstructor (System.RuntimeTypeHandle)
UnityEditor.EditorAssemblies:ProcessInitializeOnLoadAttributes (System.Type[])

[Library/PackageCache/com.unity.probuilder@4.5.0/Editor/EditorCore/EditorUtility.cs line 593]

Invoked RoslynAnalysisRunner static constructor.
RoslynAnalysisRunner will not be running.
RoslynAnalysisRunner has terminated.
Mono: successfully reloaded assembly
- Completed reload, in  0.635 seconds
Platform modules already initialized, skipping
Refreshing native plugins compatible for Editor in 0.27 ms, found 0 plugins.
Preloading 0 native plugins for Editor in 0.00 ms.
Unloading 1483 Unused Serialized files (Serialized files now loaded: 0)
System memory in use before: 73.9 MB.
System memory in use after: 74.0 MB.

Unloading 5 unused Assets to reduce memory usage. Loaded Objects now: 1979.
Total: 1.648700 ms (FindLiveObjects: 0.140200 ms CreateObjectMapping: 0.040800 ms MarkObjects: 1.393800 ms  DeleteObjects: 0.073100 ms)

========================================================================
Received Import Request.
  Time since last request: 447.742400 seconds.
  path: Assets/Materials/New Material.mat
  artifactKey: Guid(5e4918bdf1c1404449e3637c0bae5b08) Importer(815301076,1909f56bfc062723c751e8b465ee728b)
Start importing Assets/Materials/New Material.mat using Guid(5e4918bdf1c1404449e3637c0bae5b08) Importer(815301076,1909f56bfc062723c751e8b465ee728b)  -> (artifact id: '24eeeb19bc1cafa7e604d617104463b3') in 0.095196 seconds
  Import took 0.097258 seconds .

========================================================================
Received Import Request.
  Time since last request: 219.650545 seconds.
  path: Assets/Materials/DarkGround.mat
  artifactKey: Guid(8c50ed8f64c207447ad90c2d5768d639) Importer(815301076,1909f56bfc062723c751e8b465ee728b)
Start importing Assets/Materials/DarkGround.mat using Guid(8c50ed8f64c207447ad90c2d5768d639) Importer(815301076,1909f56bfc062723c751e8b465ee728b)  -> (artifact id: '60d69250930fb4468d0095f420e27c11') in 0.024689 seconds
  Import took 0.026869 seconds .

========================================================================
Received Prepare
Registering precompiled user dll's ...
Registered in 0.000719 seconds.
Begin MonoManager ReloadAssembly
Native extension for WindowsStandalone target not found
Native extension for WebGL target not found
Refreshing native plugins compatible for Editor in 0.29 ms, found 0 plugins.
Preloading 0 native plugins for Editor in 0.00 ms.
Warning: Annotation not found!
UnityEngine.StackTraceUtility:ExtractStackTrace ()
UnityEditor.ProBuilder.EditorUtility:SetGizmoIconEnabled (System.Type,bool) (at Library/PackageCache/com.unity.probuilder@4.5.0/Editor/EditorCore/EditorUtility.cs:593)
UnityEditor.ProBuilder.HierarchyListener:.cctor () (at Library/PackageCache/com.unity.probuilder@4.5.0/Editor/EditorCore/HierarchyListener.cs:21)
System.Runtime.CompilerServices.RuntimeHelpers:RunClassConstructor (System.RuntimeTypeHandle)
UnityEditor.EditorAssemblies:ProcessInitializeOnLoadAttributes (System.Type[])

[Library/PackageCache/com.unity.probuilder@4.5.0/Editor/EditorCore/EditorUtility.cs line 593]

Invoked RoslynAnalysisRunner static constructor.
RoslynAnalysisRunner will not be running.
RoslynAnalysisRunner has terminated.
Mono: successfully reloaded assembly
- Completed reload, in  0.690 seconds
Platform modules already initialized, skipping
Refreshing native plugins compatible for Editor in 0.36 ms, found 0 plugins.
Preloading 0 native plugins for Editor in 0.00 ms.
Unloading 1483 Unused Serialized files (Serialized files now loaded: 0)
System memory in use before: 76.9 MB.
System memory in use after: 77.0 MB.

Unloading 5 unused Assets to reduce memory usage. Loaded Objects now: 2022.
Total: 1.873400 ms (FindLiveObjects: 0.171100 ms CreateObjectMapping: 0.048500 ms MarkObjects: 1.563800 ms  DeleteObjects: 0.089000 ms)

========================================================================
Received Prepare
Registering precompiled user dll's ...
Registered in 0.000670 seconds.
Begin MonoManager ReloadAssembly
Native extension for WindowsStandalone target not found
Native extension for WebGL target not found
Refreshing native plugins compatible for Editor in 0.27 ms, found 0 plugins.
Preloading 0 native plugins for Editor in 0.00 ms.
Warning: Annotation not found!
UnityEngine.StackTraceUtility:ExtractStackTrace ()
UnityEditor.ProBuilder.EditorUtility:SetGizmoIconEnabled (System.Type,bool) (at Library/PackageCache/com.unity.probuilder@4.5.0/Editor/EditorCore/EditorUtility.cs:593)
UnityEditor.ProBuilder.HierarchyListener:.cctor () (at Library/PackageCache/com.unity.probuilder@4.5.0/Editor/EditorCore/HierarchyListener.cs:21)
System.Runtime.CompilerServices.RuntimeHelpers:RunClassConstructor (System.RuntimeTypeHandle)
UnityEditor.EditorAssemblies:ProcessInitializeOnLoadAttributes (System.Type[])

[Library/PackageCache/com.unity.probuilder@4.5.0/Editor/EditorCore/EditorUtility.cs line 593]

Invoked RoslynAnalysisRunner static constructor.
RoslynAnalysisRunner will not be running.
RoslynAnalysisRunner has terminated.
Mono: successfully reloaded assembly
- Completed reload, in  0.656 seconds
Platform modules already initialized, skipping
Refreshing native plugins compatible for Editor in 0.27 ms, found 0 plugins.
Preloading 0 native plugins for Editor in 0.00 ms.
Unloading 1483 Unused Serialized files (Serialized files now loaded: 0)
System memory in use before: 76.9 MB.
System memory in use after: 77.0 MB.

Unloading 5 unused Assets to reduce memory usage. Loaded Objects now: 2025.
Total: 1.777900 ms (FindLiveObjects: 0.158300 ms CreateObjectMapping: 0.055700 ms MarkObjects: 1.490300 ms  DeleteObjects: 0.072600 ms)

========================================================================
Received Prepare
Registering precompiled user dll's ...
Registered in 0.000679 seconds.
Begin MonoManager ReloadAssembly
Native extension for WindowsStandalone target not found
Native extension for WebGL target not found
Refreshing native plugins compatible for Editor in 0.27 ms, found 0 plugins.
Preloading 0 native plugins for Editor in 0.00 ms.
Warning: Annotation not found!
UnityEngine.StackTraceUtility:ExtractStackTrace ()
UnityEditor.ProBuilder.EditorUtility:SetGizmoIconEnabled (System.Type,bool) (at Library/PackageCache/com.unity.probuilder@4.5.0/Editor/EditorCore/EditorUtility.cs:593)
UnityEditor.ProBuilder.HierarchyListener:.cctor () (at Library/PackageCache/com.unity.probuilder@4.5.0/Editor/EditorCore/HierarchyListener.cs:21)
System.Runtime.CompilerServices.RuntimeHelpers:RunClassConstructor (System.RuntimeTypeHandle)
UnityEditor.EditorAssemblies:ProcessInitializeOnLoadAttributes (System.Type[])

[Library/PackageCache/com.unity.probuilder@4.5.0/Editor/EditorCore/EditorUtility.cs line 593]

Invoked RoslynAnalysisRunner static constructor.
RoslynAnalysisRunner will not be running.
RoslynAnalysisRunner has terminated.
Mono: successfully reloaded assembly
- Completed reload, in  0.650 seconds
Platform modules already initialized, skipping
Refreshing native plugins compatible for Editor in 0.27 ms, found 0 plugins.
Preloading 0 native plugins for Editor in 0.00 ms.
Unloading 1484 Unused Serialized files (Serialized files now loaded: 0)
System memory in use before: 77.0 MB.
System memory in use after: 77.1 MB.

Unloading 5 unused Assets to reduce memory usage. Loaded Objects now: 2029.
Total: 1.652200 ms (FindLiveObjects: 0.150700 ms CreateObjectMapping: 0.046400 ms MarkObjects: 1.388100 ms  DeleteObjects: 0.066200 ms)

========================================================================
Received Prepare
Registering precompiled user dll's ...
Registered in 0.000680 seconds.
Begin MonoManager ReloadAssembly
Native extension for WindowsStandalone target not found
Native extension for WebGL target not found
Refreshing native plugins compatible for Editor in 0.28 ms, found 0 plugins.
Preloading 0 native plugins for Editor in 0.00 ms.
Warning: Annotation not found!
UnityEngine.StackTraceUtility:ExtractStackTrace ()
UnityEditor.ProBuilder.EditorUtility:SetGizmoIconEnabled (System.Type,bool) (at Library/PackageCache/com.unity.probuilder@4.5.0/Editor/EditorCore/EditorUtility.cs:593)
UnityEditor.ProBuilder.HierarchyListener:.cctor () (at Library/PackageCache/com.unity.probuilder@4.5.0/Editor/EditorCore/HierarchyListener.cs:21)
System.Runtime.CompilerServices.RuntimeHelpers:RunClassConstructor (System.RuntimeTypeHandle)
UnityEditor.EditorAssemblies:ProcessInitializeOnLoadAttributes (System.Type[])

[Library/PackageCache/com.unity.probuilder@4.5.0/Editor/EditorCore/EditorUtility.cs line 593]

Invoked RoslynAnalysisRunner static constructor.
RoslynAnalysisRunner will not be running.
RoslynAnalysisRunner has terminated.
Mono: successfully reloaded assembly
- Completed reload, in  0.656 seconds
Platform modules already initialized, skipping
Refreshing native plugins compatible for Editor in 0.26 ms, found 0 plugins.
Preloading 0 native plugins for Editor in 0.00 ms.
Unloading 1484 Unused Serialized files (Serialized files now loaded: 0)
System memory in use before: 77.0 MB.
System memory in use after: 77.1 MB.

Unloading 5 unused Assets to reduce memory usage. Loaded Objects now: 2032.
Total: 1.723800 ms (FindLiveObjects: 0.152800 ms CreateObjectMapping: 0.042000 ms MarkObjects: 1.455800 ms  DeleteObjects: 0.072000 ms)

========================================================================
Received Import Request.
  Time since last request: 875.395021 seconds.
  path: Assets/Scripts/HintBlock.cs
  artifactKey: Guid(73ec4471131e34e41878191926c63d96) Importer(815301076,1909f56bfc062723c751e8b465ee728b)
Start importing Assets/Scripts/HintBlock.cs using Guid(73ec4471131e34e41878191926c63d96) Importer(815301076,1909f56bfc062723c751e8b465ee728b)  -> (artifact id: 'e063a9130ea46e6e00c6838b8ae042d9') in 0.023578 seconds
  Import took 0.025930 seconds .

========================================================================
Received Import Request.
  Time since last request: 116.582667 seconds.
  path: Assets/Scripts/HintBlock.cs
  artifactKey: Guid(73ec4471131e34e41878191926c63d96) Importer(815301076,1909f56bfc062723c751e8b465ee728b)
Start importing Assets/Scripts/HintBlock.cs using Guid(73ec4471131e34e41878191926c63d96) Importer(815301076,1909f56bfc062723c751e8b465ee728b)  -> (artifact id: '6780074245f65c4db7b17f6c75b045c1') in 0.019285 seconds
  Import took 0.021493 seconds .

========================================================================
Received Import Request.
  Time since last request: 0.003827 seconds.
  path: Assets/Scripts/HintBlock.cs
  artifactKey: Guid(73ec4471131e34e41878191926c63d96) Importer(815301076,1909f56bfc062723c751e8b465ee728b)
Start importing Assets/Scripts/HintBlock.cs using Guid(73ec4471131e34e41878191926c63d96) Importer(815301076,1909f56bfc062723c751e8b465ee728b)  -> (artifact id: '6780074245f65c4db7b17f6c75b045c1') in 0.021723 seconds
  Import took 0.024324 seconds .

========================================================================
Received Import Request.
  Time since last request: 71.959853 seconds.
  path: Assets/Scripts/Checkpoint.cs
  artifactKey: Guid(dd2a99f32a8ac3149943c56f3c7b8202) Importer(815301076,1909f56bfc062723c751e8b465ee728b)
Start importing Assets/Scripts/Checkpoint.cs using Guid(dd2a99f32a8ac3149943c56f3c7b8202) Importer(815301076,1909f56bfc062723c751e8b465ee728b)  -> (artifact id: 'e961627c47819550a5589fa49c176ed3') in 0.018006 seconds
  Import took 0.021537 seconds .

========================================================================
Received Prepare
Registering precompiled user dll's ...
Registered in 0.000695 seconds.
Begin MonoManager ReloadAssembly
Native extension for WindowsStandalone target not found
Native extension for WebGL target not found
Refreshing native plugins compatible for Editor in 0.27 ms, found 0 plugins.
Preloading 0 native plugins for Editor in 0.00 ms.
Warning: Annotation not found!
UnityEngine.StackTraceUtility:ExtractStackTrace ()
UnityEditor.ProBuilder.EditorUtility:SetGizmoIconEnabled (System.Type,bool) (at Library/PackageCache/com.unity.probuilder@4.5.0/Editor/EditorCore/EditorUtility.cs:593)
UnityEditor.ProBuilder.HierarchyListener:.cctor () (at Library/PackageCache/com.unity.probuilder@4.5.0/Editor/EditorCore/HierarchyListener.cs:21)
System.Runtime.CompilerServices.RuntimeHelpers:RunClassConstructor (System.RuntimeTypeHandle)
UnityEditor.EditorAssemblies:ProcessInitializeOnLoadAttributes (System.Type[])

[Library/PackageCache/com.unity.probuilder@4.5.0/Editor/EditorCore/EditorUtility.cs line 593]

Invoked RoslynAnalysisRunner static constructor.
RoslynAnalysisRunner will not be running.
RoslynAnalysisRunner has terminated.
Mono: successfully reloaded assembly
- Completed reload, in  0.650 seconds
Platform modules already initialized, skipping
Refreshing native plugins compatible for Editor in 0.27 ms, found 0 plugins.
Preloading 0 native plugins for Editor in 0.00 ms.
Unloading 1484 Unused Serialized files (Serialized files now loaded: 0)
System memory in use before: 77.0 MB.
System memory in use after: 77.1 MB.

Unloading 5 unused Assets to reduce memory usage. Loaded Objects now: 2035.
Total: 2.007000 ms (FindLiveObjects: 0.181900 ms CreateObjectMapping: 0.052600 ms MarkObjects: 1.693900 ms  DeleteObjects: 0.077600 ms)

========================================================================
Received Prepare
Registering precompiled user dll's ...
Registered in 0.000694 seconds.
Begin MonoManager ReloadAssembly
Native extension for WindowsStandalone target not found
Native extension for WebGL target not found
Refreshing native plugins compatible for Editor in 0.26 ms, found 0 plugins.
Preloading 0 native plugins for Editor in 0.00 ms.
Warning: Annotation not found!
UnityEngine.StackTraceUtility:ExtractStackTrace ()
UnityEditor.ProBuilder.EditorUtility:SetGizmoIconEnabled (System.Type,bool) (at Library/PackageCache/com.unity.probuilder@4.5.0/Editor/EditorCore/EditorUtility.cs:593)
UnityEditor.ProBuilder.HierarchyListener:.cctor () (at Library/PackageCache/com.unity.probuilder@4.5.0/Editor/EditorCore/HierarchyListener.cs:21)
System.Runtime.CompilerServices.RuntimeHelpers:RunClassConstructor (System.RuntimeTypeHandle)
UnityEditor.EditorAssemblies:ProcessInitializeOnLoadAttributes (System.Type[])

[Library/PackageCache/com.unity.probuilder@4.5.0/Editor/EditorCore/EditorUtility.cs line 593]

Invoked RoslynAnalysisRunner static constructor.
RoslynAnalysisRunner will not be running.
RoslynAnalysisRunner has terminated.
Mono: successfully reloaded assembly
- Completed reload, in  0.636 seconds
Platform modules already initialized, skipping
Refreshing native plugins compatible for Editor in 0.27 ms, found 0 plugins.
Preloading 0 native plugins for Editor in 0.00 ms.
Unloading 1484 Unused Serialized files (Serialized files now loaded: 0)
System memory in use before: 77.0 MB.
System memory in use after: 77.1 MB.

Unloading 5 unused Assets to reduce memory usage. Loaded Objects now: 2038.
Total: 1.662100 ms (FindLiveObjects: 0.143100 ms CreateObjectMapping: 0.043100 ms MarkObjects: 1.412000 ms  DeleteObjects: 0.063300 ms)

========================================================================
Received Prepare
Registering precompiled user dll's ...
Registered in 0.000677 seconds.
Begin MonoManager ReloadAssembly
Native extension for WindowsStandalone target not found
Native extension for WebGL target not found
Refreshing native plugins compatible for Editor in 0.28 ms, found 0 plugins.
Preloading 0 native plugins for Editor in 0.00 ms.
Warning: Annotation not found!
UnityEngine.StackTraceUtility:ExtractStackTrace ()
UnityEditor.ProBuilder.EditorUtility:SetGizmoIconEnabled (System.Type,bool) (at Library/PackageCache/com.unity.probuilder@4.5.0/Editor/EditorCore/EditorUtility.cs:593)
UnityEditor.ProBuilder.HierarchyListener:.cctor () (at Library/PackageCache/com.unity.probuilder@4.5.0/Editor/EditorCore/HierarchyListener.cs:21)
System.Runtime.CompilerServices.RuntimeHelpers:RunClassConstructor (System.RuntimeTypeHandle)
UnityEditor.EditorAssemblies:ProcessInitializeOnLoadAttributes (System.Type[])

[Library/PackageCache/com.unity.probuilder@4.5.0/Editor/EditorCore/EditorUtility.cs line 593]

Invoked RoslynAnalysisRunner static constructor.
RoslynAnalysisRunner will not be running.
RoslynAnalysisRunner has terminated.
Mono: successfully reloaded assembly
- Completed reload, in  0.647 seconds
Platform modules already initialized, skipping
Refreshing native plugins compatible for Editor in 0.27 ms, found 0 plugins.
Preloading 0 native plugins for Editor in 0.00 ms.
Unloading 1484 Unused Serialized files (Serialized files now loaded: 0)
System memory in use before: 77.0 MB.
System memory in use after: 77.1 MB.

Unloading 5 unused Assets to reduce memory usage. Loaded Objects now: 2041.
Total: 2.033600 ms (FindLiveObjects: 0.226700 ms CreateObjectMapping: 0.057000 ms MarkObjects: 1.669800 ms  DeleteObjects: 0.078700 ms)

========================================================================
Received Prepare
Registering precompiled user dll's ...
Registered in 0.000698 seconds.
Begin MonoManager ReloadAssembly
Native extension for WindowsStandalone target not found
Native extension for WebGL target not found
Refreshing native plugins compatible for Editor in 0.28 ms, found 0 plugins.
Preloading 0 native plugins for Editor in 0.00 ms.
Warning: Annotation not found!
UnityEngine.StackTraceUtility:ExtractStackTrace ()
UnityEditor.ProBuilder.EditorUtility:SetGizmoIconEnabled (System.Type,bool) (at Library/PackageCache/com.unity.probuilder@4.5.0/Editor/EditorCore/EditorUtility.cs:593)
UnityEditor.ProBuilder.HierarchyListener:.cctor () (at Library/PackageCache/com.unity.probuilder@4.5.0/Editor/EditorCore/HierarchyListener.cs:21)
System.Runtime.CompilerServices.RuntimeHelpers:RunClassConstructor (System.RuntimeTypeHandle)
UnityEditor.EditorAssemblies:ProcessInitializeOnLoadAttributes (System.Type[])

[Library/PackageCache/com.unity.probuilder@4.5.0/Editor/EditorCore/EditorUtility.cs line 593]

Invoked RoslynAnalysisRunner static constructor.
RoslynAnalysisRunner will not be running.
RoslynAnalysisRunner has terminated.
Mono: successfully reloaded assembly
- Completed reload, in  0.647 seconds
Platform modules already initialized, skipping
Refreshing native plugins compatible for Editor in 0.27 ms, found 0 plugins.
Preloading 0 native plugins for Editor in 0.00 ms.
Unloading 1484 Unused Serialized files (Serialized files now loaded: 0)
System memory in use before: 77.0 MB.
System memory in use after: 77.1 MB.

Unloading 5 unused Assets to reduce memory usage. Loaded Objects now: 2044.
Total: 1.683900 ms (FindLiveObjects: 0.151100 ms CreateObjectMapping: 0.049800 ms MarkObjects: 1.419800 ms  DeleteObjects: 0.062400 ms)

========================================================================
Received Prepare
Registering precompiled user dll's ...
Registered in 0.000639 seconds.
Begin MonoManager ReloadAssembly
Native extension for WindowsStandalone target not found
Native extension for WebGL target not found
Refreshing native plugins compatible for Editor in 0.30 ms, found 0 plugins.
Preloading 0 native plugins for Editor in 0.00 ms.
Warning: Annotation not found!
UnityEngine.StackTraceUtility:ExtractStackTrace ()
UnityEditor.ProBuilder.EditorUtility:SetGizmoIconEnabled (System.Type,bool) (at Library/PackageCache/com.unity.probuilder@4.5.0/Editor/EditorCore/EditorUtility.cs:593)
UnityEditor.ProBuilder.HierarchyListener:.cctor () (at Library/PackageCache/com.unity.probuilder@4.5.0/Editor/EditorCore/HierarchyListener.cs:21)
System.Runtime.CompilerServices.RuntimeHelpers:RunClassConstructor (System.RuntimeTypeHandle)
UnityEditor.EditorAssemblies:ProcessInitializeOnLoadAttributes (System.Type[])

[Library/PackageCache/com.unity.probuilder@4.5.0/Editor/EditorCore/EditorUtility.cs line 593]

Invoked RoslynAnalysisRunner static constructor.
RoslynAnalysisRunner will not be running.
RoslynAnalysisRunner has terminated.
Mono: successfully reloaded assembly
- Completed reload, in  0.635 seconds
Platform modules already initialized, skipping
Refreshing native plugins compatible for Editor in 0.27 ms, found 0 plugins.
Preloading 0 native plugins for Editor in 0.00 ms.
Unloading 1484 Unused Serialized files (Serialized files now loaded: 0)
System memory in use before: 77.0 MB.
System memory in use after: 77.1 MB.

Unloading 5 unused Assets to reduce memory usage. Loaded Objects now: 2047.
Total: 1.860000 ms (FindLiveObjects: 0.160300 ms CreateObjectMapping: 0.052400 ms MarkObjects: 1.575000 ms  DeleteObjects: 0.071200 ms)

========================================================================
Received Import Request.
  Time since last request: 494.658335 seconds.
  path: Assets/Prefabs/HintBlock.prefab
  artifactKey: Guid(4bc1c8f9cdb27a04f9f0e41040d50107) Importer(815301076,1909f56bfc062723c751e8b465ee728b)
Start importing Assets/Prefabs/HintBlock.prefab using Guid(4bc1c8f9cdb27a04f9f0e41040d50107) Importer(815301076,1909f56bfc062723c751e8b465ee728b)  -> (artifact id: 'c6d996a44ccac96697b2bfee9a8b511a') in 0.103305 seconds
  Import took 0.105596 seconds .

========================================================================
Received Prepare
Registering precompiled user dll's ...
Registered in 0.000684 seconds.
Begin MonoManager ReloadAssembly
Native extension for WindowsStandalone target not found
Native extension for WebGL target not found
Refreshing native plugins compatible for Editor in 0.27 ms, found 0 plugins.
Preloading 0 native plugins for Editor in 0.00 ms.
Warning: Annotation not found!
UnityEngine.StackTraceUtility:ExtractStackTrace ()
UnityEditor.ProBuilder.EditorUtility:SetGizmoIconEnabled (System.Type,bool) (at Library/PackageCache/com.unity.probuilder@4.5.0/Editor/EditorCore/EditorUtility.cs:593)
UnityEditor.ProBuilder.HierarchyListener:.cctor () (at Library/PackageCache/com.unity.probuilder@4.5.0/Editor/EditorCore/HierarchyListener.cs:21)
System.Runtime.CompilerServices.RuntimeHelpers:RunClassConstructor (System.RuntimeTypeHandle)
UnityEditor.EditorAssemblies:ProcessInitializeOnLoadAttributes (System.Type[])

[Library/PackageCache/com.unity.probuilder@4.5.0/Editor/EditorCore/EditorUtility.cs line 593]

Invoked RoslynAnalysisRunner static constructor.
RoslynAnalysisRunner will not be running.
RoslynAnalysisRunner has terminated.
Mono: successfully reloaded assembly
- Completed reload, in  0.632 seconds
Platform modules already initialized, skipping
Refreshing native plugins compatible for Editor in 0.27 ms, found 0 plugins.
Preloading 0 native plugins for Editor in 0.00 ms.
Unloading 1484 Unused Serialized files (Serialized files now loaded: 0)
System memory in use before: 77.1 MB.
System memory in use after: 77.1 MB.

Unloading 5 unused Assets to reduce memory usage. Loaded Objects now: 2052.
Total: 1.622700 ms (FindLiveObjects: 0.134300 ms CreateObjectMapping: 0.041400 ms MarkObjects: 1.382200 ms  DeleteObjects: 0.063900 ms)

========================================================================
Received Import Request.
  Time since last request: 668.450661 seconds.
  path: Assets/Prefabs/AltarBase.prefab
  artifactKey: Guid(7feebbae0d5e01a4ca2667d37cbd13db) Importer(815301076,1909f56bfc062723c751e8b465ee728b)
Start importing Assets/Prefabs/AltarBase.prefab using Guid(7feebbae0d5e01a4ca2667d37cbd13db) Importer(815301076,1909f56bfc062723c751e8b465ee728b)  -> (artifact id: '64c730b1e0cba30e4389d6ac61f8dde8') in 0.039338 seconds
  Import took 0.041670 seconds .

========================================================================
Received Import Request.
  Time since last request: 0.006188 seconds.
  path: Assets/Prefabs/AltarBase.prefab
  artifactKey: Guid(7feebbae0d5e01a4ca2667d37cbd13db) Importer(815301076,1909f56bfc062723c751e8b465ee728b)
Start importing Assets/Prefabs/AltarBase.prefab using Guid(7feebbae0d5e01a4ca2667d37cbd13db) Importer(815301076,1909f56bfc062723c751e8b465ee728b)  -> (artifact id: '64c730b1e0cba30e4389d6ac61f8dde8') in 0.019738 seconds
  Import took 0.021972 seconds .

========================================================================
Received Import Request.
  Time since last request: 193.004757 seconds.
  path: Assets/Prefabs/ObstacleCourse.prefab
  artifactKey: Guid(1c68eac6fbebac9408f76301fd3695c6) Importer(815301076,1909f56bfc062723c751e8b465ee728b)
Start importing Assets/Prefabs/ObstacleCourse.prefab using Guid(1c68eac6fbebac9408f76301fd3695c6) Importer(815301076,1909f56bfc062723c751e8b465ee728b)  -> (artifact id: 'e54ded90705a665720024850fa04de11') in 0.045443 seconds
  Import took 0.049474 seconds .

========================================================================
Received Import Request.
  Time since last request: 15.502199 seconds.
  path: Assets/Scenes/Tutorial.unity
  artifactKey: Guid(9fc0d4010bbf28b4594072e72b8655ab) Importer(815301076,1909f56bfc062723c751e8b465ee728b)
Start importing Assets/Scenes/Tutorial.unity using Guid(9fc0d4010bbf28b4594072e72b8655ab) Importer(815301076,1909f56bfc062723c751e8b465ee728b)  -> (artifact id: 'bddb769387dc50045c7db99cb6e11830') in 0.020907 seconds
  Import took 0.023027 seconds .

========================================================================
Received Import Request.
  Time since last request: 6.144376 seconds.
  path: Assets/Scenes/Level1.unity
  artifactKey: Guid(a28790947ab6902408120c85625ae51f) Importer(815301076,1909f56bfc062723c751e8b465ee728b)
Start importing Assets/Scenes/Level1.unity using Guid(a28790947ab6902408120c85625ae51f) Importer(815301076,1909f56bfc062723c751e8b465ee728b)  -> (artifact id: '55a3cd09ad0526bb36aafa1ffc533dbf') in 0.019932 seconds
  Import took 0.022051 seconds .

========================================================================
Received Import Request.
  Time since last request: 83.794932 seconds.
  path: Assets/Materials/DarkGround.mat
  artifactKey: Guid(8c50ed8f64c207447ad90c2d5768d639) Importer(815301076,1909f56bfc062723c751e8b465ee728b)
Start importing Assets/Materials/DarkGround.mat using Guid(8c50ed8f64c207447ad90c2d5768d639) Importer(815301076,1909f56bfc062723c751e8b465ee728b)  -> (artifact id: '2ec795dabe2d738737022e81dde07cbb') in 0.033582 seconds
  Import took 0.035719 seconds .

========================================================================
Received Import Request.
  Time since last request: 0.000195 seconds.
  path: Assets/Materials/RegGround.mat
  artifactKey: Guid(5e4918bdf1c1404449e3637c0bae5b08) Importer(815301076,1909f56bfc062723c751e8b465ee728b)
Start importing Assets/Materials/RegGround.mat using Guid(5e4918bdf1c1404449e3637c0bae5b08) Importer(815301076,1909f56bfc062723c751e8b465ee728b)  -> (artifact id: '81cd9d17b249712cf62d45e6792e4fcb') in 0.029482 seconds
  Import took 0.031422 seconds .

========================================================================
Received Import Request.
  Time since last request: 540.272017 seconds.
  path: Assets/Scenes/Tutorial.unity
  artifactKey: Guid(9fc0d4010bbf28b4594072e72b8655ab) Importer(815301076,1909f56bfc062723c751e8b465ee728b)
Start importing Assets/Scenes/Tutorial.unity using Guid(9fc0d4010bbf28b4594072e72b8655ab) Importer(815301076,1909f56bfc062723c751e8b465ee728b)  -> (artifact id: 'ff883ea5964663d4a800f278f6585c71') in 0.019594 seconds
  Import took 0.022097 seconds .

========================================================================
Received Import Request.
  Time since last request: 49.793448 seconds.
  path: Assets/Prefabs/LevelLoader.prefab
  artifactKey: Guid(601dab310ab46064d8d42ad5063d3a61) Importer(815301076,1909f56bfc062723c751e8b465ee728b)
Start importing Assets/Prefabs/LevelLoader.prefab using Guid(601dab310ab46064d8d42ad5063d3a61) Importer(815301076,1909f56bfc062723c751e8b465ee728b)  -> (artifact id: 'e64831aca772653aabeab7645bcbbdc5') in 0.026932 seconds
  Import took 0.029383 seconds .

========================================================================
Received Import Request.
  Time since last request: 0.001045 seconds.
  path: Assets/Prefabs/LevelLoader.prefab
  artifactKey: Guid(601dab310ab46064d8d42ad5063d3a61) Importer(815301076,1909f56bfc062723c751e8b465ee728b)
Start importing Assets/Prefabs/LevelLoader.prefab using Guid(601dab310ab46064d8d42ad5063d3a61) Importer(815301076,1909f56bfc062723c751e8b465ee728b)  -> (artifact id: 'e64831aca772653aabeab7645bcbbdc5') in 0.020003 seconds
  Import took 0.022189 seconds .

========================================================================
Received Import Request.
  Time since last request: 5.594636 seconds.
  path: Assets/Prefabs/Directional Light.prefab
  artifactKey: Guid(1ef6bf597fc2c7842a41bf67044b934d) Importer(815301076,1909f56bfc062723c751e8b465ee728b)
Start importing Assets/Prefabs/Directional Light.prefab using Guid(1ef6bf597fc2c7842a41bf67044b934d) Importer(815301076,1909f56bfc062723c751e8b465ee728b)  -> (artifact id: '17babb41b93dee27e4cdf709be39dd16') in 0.021500 seconds
  Import took 0.023692 seconds .

========================================================================
Received Import Request.
  Time since last request: 0.007009 seconds.
  path: Assets/Prefabs/Directional Light.prefab
  artifactKey: Guid(1ef6bf597fc2c7842a41bf67044b934d) Importer(815301076,1909f56bfc062723c751e8b465ee728b)
Start importing Assets/Prefabs/Directional Light.prefab using Guid(1ef6bf597fc2c7842a41bf67044b934d) Importer(815301076,1909f56bfc062723c751e8b465ee728b)  -> (artifact id: '17babb41b93dee27e4cdf709be39dd16') in 0.021693 seconds
  Import took 0.023944 seconds .

========================================================================
Received Import Request.
  Time since last request: 12.289194 seconds.
  path: Assets/Scenes/Level1.unity
  artifactKey: Guid(a28790947ab6902408120c85625ae51f) Importer(815301076,1909f56bfc062723c751e8b465ee728b)
Start importing Assets/Scenes/Level1.unity using Guid(a28790947ab6902408120c85625ae51f) Importer(815301076,1909f56bfc062723c751e8b465ee728b)  -> (artifact id: 'a38593feb1e7f8f844f72e4c6ce85f70') in 0.018581 seconds
  Import took 0.020715 seconds .

========================================================================
Received Import Request.
  Time since last request: 5157.789705 seconds.
  path: Assets/Scenes/Tutorial.unity
  artifactKey: Guid(9fc0d4010bbf28b4594072e72b8655ab) Importer(815301076,1909f56bfc062723c751e8b465ee728b)
Start importing Assets/Scenes/Tutorial.unity using Guid(9fc0d4010bbf28b4594072e72b8655ab) Importer(815301076,1909f56bfc062723c751e8b465ee728b)  -> (artifact id: '4ce9eeb26e316eb883fc3dd3120ef915') in 0.019029 seconds
  Import took 0.021551 seconds .

========================================================================
Received Import Request.
  Time since last request: 16.034202 seconds.
  path: Assets/Scenes/Level1.unity
  artifactKey: Guid(a28790947ab6902408120c85625ae51f) Importer(815301076,1909f56bfc062723c751e8b465ee728b)
Start importing Assets/Scenes/Level1.unity using Guid(a28790947ab6902408120c85625ae51f) Importer(815301076,1909f56bfc062723c751e8b465ee728b)  -> (artifact id: '1ad06bb765c707ed9cc01d762b22628a') in 0.018756 seconds
  Import took 0.020855 seconds .

========================================================================
Received Prepare
Registering precompiled user dll's ...
Registered in 0.000694 seconds.
Begin MonoManager ReloadAssembly
Native extension for WindowsStandalone target not found
Native extension for WebGL target not found
Refreshing native plugins compatible for Editor in 0.30 ms, found 0 plugins.
Preloading 0 native plugins for Editor in 0.00 ms.
Warning: Annotation not found!
UnityEngine.StackTraceUtility:ExtractStackTrace ()
UnityEditor.ProBuilder.EditorUtility:SetGizmoIconEnabled (System.Type,bool) (at Library/PackageCache/com.unity.probuilder@4.5.0/Editor/EditorCore/EditorUtility.cs:593)
UnityEditor.ProBuilder.HierarchyListener:.cctor () (at Library/PackageCache/com.unity.probuilder@4.5.0/Editor/EditorCore/HierarchyListener.cs:21)
System.Runtime.CompilerServices.RuntimeHelpers:RunClassConstructor (System.RuntimeTypeHandle)
UnityEditor.EditorAssemblies:ProcessInitializeOnLoadAttributes (System.Type[])

[Library/PackageCache/com.unity.probuilder@4.5.0/Editor/EditorCore/EditorUtility.cs line 593]

Invoked RoslynAnalysisRunner static constructor.
RoslynAnalysisRunner will not be running.
RoslynAnalysisRunner has terminated.
Mono: successfully reloaded assembly
- Completed reload, in  0.761 seconds
Platform modules already initialized, skipping
Refreshing native plugins compatible for Editor in 0.27 ms, found 0 plugins.
Preloading 0 native plugins for Editor in 0.00 ms.
Unloading 1484 Unused Serialized files (Serialized files now loaded: 0)
System memory in use before: 77.2 MB.
System memory in use after: 77.3 MB.

Unloading 6 unused Assets to reduce memory usage. Loaded Objects now: 2056.
Total: 1.842400 ms (FindLiveObjects: 0.254300 ms CreateObjectMapping: 0.052200 ms MarkObjects: 1.452400 ms  DeleteObjects: 0.082800 ms)

========================================================================
Received Prepare
Registering precompiled user dll's ...
Registered in 0.000699 seconds.
Begin MonoManager ReloadAssembly
Native extension for WindowsStandalone target not found
Native extension for WebGL target not found
Refreshing native plugins compatible for Editor in 0.30 ms, found 0 plugins.
Preloading 0 native plugins for Editor in 0.00 ms.
Warning: Annotation not found!
UnityEngine.StackTraceUtility:ExtractStackTrace ()
UnityEditor.ProBuilder.EditorUtility:SetGizmoIconEnabled (System.Type,bool) (at Library/PackageCache/com.unity.probuilder@4.5.0/Editor/EditorCore/EditorUtility.cs:593)
UnityEditor.ProBuilder.HierarchyListener:.cctor () (at Library/PackageCache/com.unity.probuilder@4.5.0/Editor/EditorCore/HierarchyListener.cs:21)
System.Runtime.CompilerServices.RuntimeHelpers:RunClassConstructor (System.RuntimeTypeHandle)
UnityEditor.EditorAssemblies:ProcessInitializeOnLoadAttributes (System.Type[])

[Library/PackageCache/com.unity.probuilder@4.5.0/Editor/EditorCore/EditorUtility.cs line 593]

Invoked RoslynAnalysisRunner static constructor.
RoslynAnalysisRunner will not be running.
RoslynAnalysisRunner has terminated.
Mono: successfully reloaded assembly
- Completed reload, in  0.666 seconds
Platform modules already initialized, skipping
Refreshing native plugins compatible for Editor in 0.32 ms, found 0 plugins.
Preloading 0 native plugins for Editor in 0.00 ms.
Unloading 1484 Unused Serialized files (Serialized files now loaded: 0)
System memory in use before: 77.2 MB.
System memory in use after: 77.3 MB.

Unloading 5 unused Assets to reduce memory usage. Loaded Objects now: 2059.
Total: 2.008500 ms (FindLiveObjects: 0.189900 ms CreateObjectMapping: 0.063400 ms MarkObjects: 1.665300 ms  DeleteObjects: 0.089000 ms)

========================================================================
Received Prepare
Registering precompiled user dll's ...
Registered in 0.000638 seconds.
Begin MonoManager ReloadAssembly
Native extension for WindowsStandalone target not found
Native extension for WebGL target not found
Refreshing native plugins compatible for Editor in 0.35 ms, found 0 plugins.
Preloading 0 native plugins for Editor in 0.00 ms.
Warning: Annotation not found!
UnityEngine.StackTraceUtility:ExtractStackTrace ()
UnityEditor.ProBuilder.EditorUtility:SetGizmoIconEnabled (System.Type,bool) (at Library/PackageCache/com.unity.probuilder@4.5.0/Editor/EditorCore/EditorUtility.cs:593)
UnityEditor.ProBuilder.HierarchyListener:.cctor () (at Library/PackageCache/com.unity.probuilder@4.5.0/Editor/EditorCore/HierarchyListener.cs:21)
System.Runtime.CompilerServices.RuntimeHelpers:RunClassConstructor (System.RuntimeTypeHandle)
UnityEditor.EditorAssemblies:ProcessInitializeOnLoadAttributes (System.Type[])

[Library/PackageCache/com.unity.probuilder@4.5.0/Editor/EditorCore/EditorUtility.cs line 593]

Invoked RoslynAnalysisRunner static constructor.
RoslynAnalysisRunner will not be running.
RoslynAnalysisRunner has terminated.
Mono: successfully reloaded assembly
- Completed reload, in  0.674 seconds
Platform modules already initialized, skipping
Refreshing native plugins compatible for Editor in 0.30 ms, found 0 plugins.
Preloading 0 native plugins for Editor in 0.00 ms.
Unloading 1484 Unused Serialized files (Serialized files now loaded: 0)
System memory in use before: 77.2 MB.
System memory in use after: 77.3 MB.

Unloading 5 unused Assets to reduce memory usage. Loaded Objects now: 2062.
Total: 1.919700 ms (FindLiveObjects: 0.194300 ms CreateObjectMapping: 0.052100 ms MarkObjects: 1.597600 ms  DeleteObjects: 0.074700 ms)

========================================================================
Received Import Request.
  Time since last request: 594.349591 seconds.
  path: Assets/Scenes/Level1.unity
  artifactKey: Guid(a28790947ab6902408120c85625ae51f) Importer(815301076,1909f56bfc062723c751e8b465ee728b)
Start importing Assets/Scenes/Level1.unity using Guid(a28790947ab6902408120c85625ae51f) Importer(815301076,1909f56bfc062723c751e8b465ee728b)  -> (artifact id: '5be4841adb5b121c530dbf435dd9f25a') in 0.023360 seconds
  Import took 0.025792 seconds .

========================================================================
Received Import Request.
  Time since last request: 66.087057 seconds.
  path: Assets/Scenes/Level1.unity
  artifactKey: Guid(a28790947ab6902408120c85625ae51f) Importer(815301076,1909f56bfc062723c751e8b465ee728b)
Start importing Assets/Scenes/Level1.unity using Guid(a28790947ab6902408120c85625ae51f) Importer(815301076,1909f56bfc062723c751e8b465ee728b)  -> (artifact id: 'b1aaff1e8ccf6cc3db4c9721d8d8523f') in 0.018377 seconds
  Import took 0.020515 seconds .

========================================================================
Received Import Request.
  Time since last request: 16.607203 seconds.
  path: Assets/Scenes/Level1 1.unity
  artifactKey: Guid(43c93e1d70e56294bb1a80b9a41fb845) Importer(815301076,1909f56bfc062723c751e8b465ee728b)
Start importing Assets/Scenes/Level1 1.unity using Guid(43c93e1d70e56294bb1a80b9a41fb845) Importer(815301076,1909f56bfc062723c751e8b465ee728b)  -> (artifact id: 'aa22ca67adb37480004e40754634de79') in 0.019305 seconds
  Import took 0.021392 seconds .

========================================================================
Received Import Request.
  Time since last request: 6.200436 seconds.
  path: Assets/Scenes/Level3.unity
  artifactKey: Guid(43c93e1d70e56294bb1a80b9a41fb845) Importer(815301076,1909f56bfc062723c751e8b465ee728b)
Start importing Assets/Scenes/Level3.unity using Guid(43c93e1d70e56294bb1a80b9a41fb845) Importer(815301076,1909f56bfc062723c751e8b465ee728b)  -> (artifact id: 'c7bbf2144a1bf25b708095c4ef41a4ac') in 0.018309 seconds
  Import took 0.020420 seconds .

========================================================================
Received Import Request.
  Time since last request: 29.950756 seconds.
  path: Assets/Scenes/Tutorial.unity
  artifactKey: Guid(9fc0d4010bbf28b4594072e72b8655ab) Importer(815301076,1909f56bfc062723c751e8b465ee728b)
Start importing Assets/Scenes/Tutorial.unity using Guid(9fc0d4010bbf28b4594072e72b8655ab) Importer(815301076,1909f56bfc062723c751e8b465ee728b)  -> (artifact id: 'ceccb1481dab0c3e50460702363a544c') in 0.018311 seconds
  Import took 0.021772 seconds .

========================================================================
Received Import Request.
  Time since last request: 20.334358 seconds.
  path: Assets/Scenes/Tutorial 1.unity
  artifactKey: Guid(afa42066ce2e5314e99048f2a7f32ab9) Importer(815301076,1909f56bfc062723c751e8b465ee728b)
Start importing Assets/Scenes/Tutorial 1.unity using Guid(afa42066ce2e5314e99048f2a7f32ab9) Importer(815301076,1909f56bfc062723c751e8b465ee728b)  -> (artifact id: 'fec514199b85c0a0ceb0f98b7ca2d4b6') in 0.020487 seconds
  Import took 0.022625 seconds .

========================================================================
Received Import Request.
  Time since last request: 6.011506 seconds.
  path: Assets/Scenes/Level2.unity
  artifactKey: Guid(afa42066ce2e5314e99048f2a7f32ab9) Importer(815301076,1909f56bfc062723c751e8b465ee728b)
Start importing Assets/Scenes/Level2.unity using Guid(afa42066ce2e5314e99048f2a7f32ab9) Importer(815301076,1909f56bfc062723c751e8b465ee728b)  -> (artifact id: '4f81e015b75ee0213d13d70863d6d7ff') in 0.018161 seconds
  Import took 0.020245 seconds .

========================================================================
Received Prepare
Registering precompiled user dll's ...
Registered in 0.000820 seconds.
Begin MonoManager ReloadAssembly
Native extension for WindowsStandalone target not found
Native extension for WebGL target not found
Refreshing native plugins compatible for Editor in 0.27 ms, found 0 plugins.
Preloading 0 native plugins for Editor in 0.00 ms.
Warning: Annotation not found!
UnityEngine.StackTraceUtility:ExtractStackTrace ()
UnityEditor.ProBuilder.EditorUtility:SetGizmoIconEnabled (System.Type,bool) (at Library/PackageCache/com.unity.probuilder@4.5.0/Editor/EditorCore/EditorUtility.cs:593)
UnityEditor.ProBuilder.HierarchyListener:.cctor () (at Library/PackageCache/com.unity.probuilder@4.5.0/Editor/EditorCore/HierarchyListener.cs:21)
System.Runtime.CompilerServices.RuntimeHelpers:RunClassConstructor (System.RuntimeTypeHandle)
UnityEditor.EditorAssemblies:ProcessInitializeOnLoadAttributes (System.Type[])

[Library/PackageCache/com.unity.probuilder@4.5.0/Editor/EditorCore/EditorUtility.cs line 593]

Invoked RoslynAnalysisRunner static constructor.
RoslynAnalysisRunner will not be running.
RoslynAnalysisRunner has terminated.
Mono: successfully reloaded assembly
- Completed reload, in  0.666 seconds
Platform modules already initialized, skipping
Refreshing native plugins compatible for Editor in 0.29 ms, found 0 plugins.
Preloading 0 native plugins for Editor in 0.00 ms.
Unloading 1484 Unused Serialized files (Serialized files now loaded: 0)
System memory in use before: 77.2 MB.
System memory in use after: 77.3 MB.

Unloading 5 unused Assets to reduce memory usage. Loaded Objects now: 2065.
Total: 1.686900 ms (FindLiveObjects: 0.166000 ms CreateObjectMapping: 0.039800 ms MarkObjects: 1.412400 ms  DeleteObjects: 0.067800 ms)

========================================================================
Received Prepare
Registering precompiled user dll's ...
Registered in 0.004670 seconds.
Begin MonoManager ReloadAssembly
Native extension for WindowsStandalone target not found
Native extension for WebGL target not found
Refreshing native plugins compatible for Editor in 0.27 ms, found 0 plugins.
Preloading 0 native plugins for Editor in 0.00 ms.
Warning: Annotation not found!
UnityEngine.StackTraceUtility:ExtractStackTrace ()
UnityEditor.ProBuilder.EditorUtility:SetGizmoIconEnabled (System.Type,bool) (at Library/PackageCache/com.unity.probuilder@4.5.0/Editor/EditorCore/EditorUtility.cs:593)
UnityEditor.ProBuilder.HierarchyListener:.cctor () (at Library/PackageCache/com.unity.probuilder@4.5.0/Editor/EditorCore/HierarchyListener.cs:21)
System.Runtime.CompilerServices.RuntimeHelpers:RunClassConstructor (System.RuntimeTypeHandle)
UnityEditor.EditorAssemblies:ProcessInitializeOnLoadAttributes (System.Type[])

[Library/PackageCache/com.unity.probuilder@4.5.0/Editor/EditorCore/EditorUtility.cs line 593]

Invoked RoslynAnalysisRunner static constructor.
RoslynAnalysisRunner will not be running.
RoslynAnalysisRunner has terminated.
Mono: successfully reloaded assembly
- Completed reload, in  0.981 seconds
Platform modules already initialized, skipping
Refreshing native plugins compatible for Editor in 0.29 ms, found 0 plugins.
Preloading 0 native plugins for Editor in 0.00 ms.
Unloading 1484 Unused Serialized files (Serialized files now loaded: 0)
System memory in use before: 77.2 MB.
System memory in use after: 77.3 MB.

Unloading 5 unused Assets to reduce memory usage. Loaded Objects now: 2068.
Total: 1.825100 ms (FindLiveObjects: 0.169400 ms CreateObjectMapping: 0.051100 ms MarkObjects: 1.517500 ms  DeleteObjects: 0.086200 ms)

========================================================================
Received Import Request.
  Time since last request: 2351.112527 seconds.
  path: Assets/Scenes/Level2.unity
  artifactKey: Guid(afa42066ce2e5314e99048f2a7f32ab9) Importer(815301076,1909f56bfc062723c751e8b465ee728b)
Start importing Assets/Scenes/Level2.unity using Guid(afa42066ce2e5314e99048f2a7f32ab9) Importer(815301076,1909f56bfc062723c751e8b465ee728b)  -> (artifact id: '41ae89a15c586fac88fb601ed5b9d9fa') in 0.021215 seconds
  Import took 0.023417 seconds .

========================================================================
Received Import Request.
  Time since last request: 51.872946 seconds.
  path: Assets/Scenes/Menu 1.unity
  artifactKey: Guid(ddf4e95bc580ba2419a2c71067cfd108) Importer(815301076,1909f56bfc062723c751e8b465ee728b)
Start importing Assets/Scenes/Menu 1.unity using Guid(ddf4e95bc580ba2419a2c71067cfd108) Importer(815301076,1909f56bfc062723c751e8b465ee728b)  -> (artifact id: '2ca2d66c56061427664851b46247f38a') in 0.019958 seconds
  Import took 0.022094 seconds .

========================================================================
Received Import Request.
  Time since last request: 4.558207 seconds.
  path: Assets/Scenes/Victory.unity
  artifactKey: Guid(ddf4e95bc580ba2419a2c71067cfd108) Importer(815301076,1909f56bfc062723c751e8b465ee728b)
Start importing Assets/Scenes/Victory.unity using Guid(ddf4e95bc580ba2419a2c71067cfd108) Importer(815301076,1909f56bfc062723c751e8b465ee728b)  -> (artifact id: '3e1bdfd4d5b2fe029290e78d5626f6aa') in 0.019211 seconds
  Import took 0.021288 seconds .

========================================================================
Received Prepare
Registering precompiled user dll's ...
Registered in 0.000681 seconds.
Begin MonoManager ReloadAssembly
Native extension for WindowsStandalone target not found
Native extension for WebGL target not found
Refreshing native plugins compatible for Editor in 0.26 ms, found 0 plugins.
Preloading 0 native plugins for Editor in 0.00 ms.
Warning: Annotation not found!
UnityEngine.StackTraceUtility:ExtractStackTrace ()
UnityEditor.ProBuilder.EditorUtility:SetGizmoIconEnabled (System.Type,bool) (at Library/PackageCache/com.unity.probuilder@4.5.0/Editor/EditorCore/EditorUtility.cs:593)
UnityEditor.ProBuilder.HierarchyListener:.cctor () (at Library/PackageCache/com.unity.probuilder@4.5.0/Editor/EditorCore/HierarchyListener.cs:21)
System.Runtime.CompilerServices.RuntimeHelpers:RunClassConstructor (System.RuntimeTypeHandle)
UnityEditor.EditorAssemblies:ProcessInitializeOnLoadAttributes (System.Type[])

[Library/PackageCache/com.unity.probuilder@4.5.0/Editor/EditorCore/EditorUtility.cs line 593]

Invoked RoslynAnalysisRunner static constructor.
RoslynAnalysisRunner will not be running.
RoslynAnalysisRunner has terminated.
Mono: successfully reloaded assembly
- Completed reload, in  0.749 seconds
Platform modules already initialized, skipping
Refreshing native plugins compatible for Editor in 0.30 ms, found 0 plugins.
Preloading 0 native plugins for Editor in 0.00 ms.
Unloading 1484 Unused Serialized files (Serialized files now loaded: 0)
System memory in use before: 77.3 MB.
System memory in use after: 77.3 MB.

Unloading 5 unused Assets to reduce memory usage. Loaded Objects now: 2071.
Total: 1.885500 ms (FindLiveObjects: 0.193100 ms CreateObjectMapping: 0.053500 ms MarkObjects: 1.557900 ms  DeleteObjects: 0.079900 ms)

========================================================================
Received Prepare
Registering precompiled user dll's ...
Registered in 0.000867 seconds.
Begin MonoManager ReloadAssembly
Native extension for WindowsStandalone target not found
Native extension for WebGL target not found
Refreshing native plugins compatible for Editor in 0.38 ms, found 0 plugins.
Preloading 0 native plugins for Editor in 0.00 ms.
Warning: Annotation not found!
UnityEngine.StackTraceUtility:ExtractStackTrace ()
UnityEditor.ProBuilder.EditorUtility:SetGizmoIconEnabled (System.Type,bool) (at Library/PackageCache/com.unity.probuilder@4.5.0/Editor/EditorCore/EditorUtility.cs:593)
UnityEditor.ProBuilder.HierarchyListener:.cctor () (at Library/PackageCache/com.unity.probuilder@4.5.0/Editor/EditorCore/HierarchyListener.cs:21)
System.Runtime.CompilerServices.RuntimeHelpers:RunClassConstructor (System.RuntimeTypeHandle)
UnityEditor.EditorAssemblies:ProcessInitializeOnLoadAttributes (System.Type[])

[Library/PackageCache/com.unity.probuilder@4.5.0/Editor/EditorCore/EditorUtility.cs line 593]

Invoked RoslynAnalysisRunner static constructor.
RoslynAnalysisRunner will not be running.
RoslynAnalysisRunner has terminated.
Mono: successfully reloaded assembly
- Completed reload, in  0.736 seconds
Platform modules already initialized, skipping
Refreshing native plugins compatible for Editor in 0.31 ms, found 0 plugins.
Preloading 0 native plugins for Editor in 0.00 ms.
Unloading 1484 Unused Serialized files (Serialized files now loaded: 0)
System memory in use before: 77.3 MB.
System memory in use after: 77.3 MB.

Unloading 5 unused Assets to reduce memory usage. Loaded Objects now: 2074.
Total: 2.614100 ms (FindLiveObjects: 0.296400 ms CreateObjectMapping: 0.100100 ms MarkObjects: 2.110900 ms  DeleteObjects: 0.104600 ms)

========================================================================
Received Import Request.
  Time since last request: 239.927291 seconds.
  path: Assets/Scenes/Tutorial.unity
  artifactKey: Guid(9fc0d4010bbf28b4594072e72b8655ab) Importer(815301076,1909f56bfc062723c751e8b465ee728b)
Start importing Assets/Scenes/Tutorial.unity using Guid(9fc0d4010bbf28b4594072e72b8655ab) Importer(815301076,1909f56bfc062723c751e8b465ee728b)  -> (artifact id: '573137f618ef419a884e0379be2425a0') in 0.021661 seconds
  Import took 0.024330 seconds .

========================================================================
Received Prepare
Registering precompiled user dll's ...
Registered in 0.000715 seconds.
Begin MonoManager ReloadAssembly
Native extension for WindowsStandalone target not found
Native extension for WebGL target not found
Refreshing native plugins compatible for Editor in 0.27 ms, found 0 plugins.
Preloading 0 native plugins for Editor in 0.00 ms.
Warning: Annotation not found!
UnityEngine.StackTraceUtility:ExtractStackTrace ()
UnityEditor.ProBuilder.EditorUtility:SetGizmoIconEnabled (System.Type,bool) (at Library/PackageCache/com.unity.probuilder@4.5.0/Editor/EditorCore/EditorUtility.cs:593)
UnityEditor.ProBuilder.HierarchyListener:.cctor () (at Library/PackageCache/com.unity.probuilder@4.5.0/Editor/EditorCore/HierarchyListener.cs:21)
System.Runtime.CompilerServices.RuntimeHelpers:RunClassConstructor (System.RuntimeTypeHandle)
UnityEditor.EditorAssemblies:ProcessInitializeOnLoadAttributes (System.Type[])

[Library/PackageCache/com.unity.probuilder@4.5.0/Editor/EditorCore/EditorUtility.cs line 593]

Invoked RoslynAnalysisRunner static constructor.
RoslynAnalysisRunner will not be running.
RoslynAnalysisRunner has terminated.
Mono: successfully reloaded assembly
- Completed reload, in  0.645 seconds
Platform modules already initialized, skipping
Refreshing native plugins compatible for Editor in 0.27 ms, found 0 plugins.
Preloading 0 native plugins for Editor in 0.00 ms.
Unloading 1484 Unused Serialized files (Serialized files now loaded: 0)
System memory in use before: 77.3 MB.
System memory in use after: 77.4 MB.

Unloading 5 unused Assets to reduce memory usage. Loaded Objects now: 2077.
Total: 1.757300 ms (FindLiveObjects: 0.156000 ms CreateObjectMapping: 0.047300 ms MarkObjects: 1.480900 ms  DeleteObjects: 0.072200 ms)

========================================================================
Received Import Request.
  Time since last request: 585.949790 seconds.
  path: Assets/ProBuilder Data/Default Material Palette.asset
  artifactKey: Guid(58615c8a6a0825f478b7b93f5fd7cc72) Importer(815301076,1909f56bfc062723c751e8b465ee728b)
Start importing Assets/ProBuilder Data/Default Material Palette.asset using Guid(58615c8a6a0825f478b7b93f5fd7cc72) Importer(815301076,1909f56bfc062723c751e8b465ee728b)  -> (artifact id: '15114f88f297431f64476df3401c6011') in 0.025922 seconds
  Import took 0.028179 seconds .

========================================================================
Received Import Request.
  Time since last request: 0.618841 seconds.
  path: Assets/TextMesh Pro/Sprites/EmojiOne.png
  artifactKey: Guid(dffef66376be4fa480fb02b19edbe903) Importer(815301076,1909f56bfc062723c751e8b465ee728b)
Start importing Assets/TextMesh Pro/Sprites/EmojiOne.png using Guid(dffef66376be4fa480fb02b19edbe903) Importer(815301076,1909f56bfc062723c751e8b465ee728b)  -> (artifact id: '5c32148257763d54ed29961db04a92ce') in 0.082001 seconds
  Import took 0.084363 seconds .

========================================================================
Received Import Request.
  Time since last request: 2.838302 seconds.
  path: Assets/Sets - Gems/Prefabs/Gems - Pink/gem_01.prefab
  artifactKey: Guid(cb1689e345d344028a3a3ce958080eb8) Importer(815301076,1909f56bfc062723c751e8b465ee728b)
Start importing Assets/Sets - Gems/Prefabs/Gems - Pink/gem_01.prefab using Guid(cb1689e345d344028a3a3ce958080eb8) Importer(815301076,1909f56bfc062723c751e8b465ee728b)  -> (artifact id: 'b63877623482699f9a1ca82552e8ae19') in 0.071174 seconds
  Import took 0.073355 seconds .

========================================================================
Received Import Request.
  Time since last request: 0.365208 seconds.
  path: Assets/Sets - Gems/Prefabs/Gems - Cyan/gem_01.prefab
  artifactKey: Guid(e87c8d8a694b3482399142b00301965f) Importer(815301076,1909f56bfc062723c751e8b465ee728b)
Start importing Assets/Sets - Gems/Prefabs/Gems - Cyan/gem_01.prefab using Guid(e87c8d8a694b3482399142b00301965f) Importer(815301076,1909f56bfc062723c751e8b465ee728b)  -> (artifact id: '1f43b591bd77e275dfed7c40b4dc8efb') in 0.028201 seconds
  Import took 0.030407 seconds .

========================================================================
Received Import Request.
  Time since last request: 0.000164 seconds.
  path: Assets/Sets - Gems/Prefabs/Gems - Orange/gem_01.prefab
  artifactKey: Guid(84d21f8dd325e458582eacc92b46261a) Importer(815301076,1909f56bfc062723c751e8b465ee728b)
Start importing Assets/Sets - Gems/Prefabs/Gems - Orange/gem_01.prefab using Guid(84d21f8dd325e458582eacc92b46261a) Importer(815301076,1909f56bfc062723c751e8b465ee728b)  -> (artifact id: 'c66950fb744e13818378346f56dceb78') in 0.026912 seconds
  Import took 0.029011 seconds .

========================================================================
Received Import Request.
  Time since last request: 0.000206 seconds.
  path: Assets/Sets - Gems/Prefabs/Gems - Cyan/gem_01.prefab
  artifactKey: Guid(e87c8d8a694b3482399142b00301965f) Importer(815301076,1909f56bfc062723c751e8b465ee728b)
Start importing Assets/Sets - Gems/Prefabs/Gems - Cyan/gem_01.prefab using Guid(e87c8d8a694b3482399142b00301965f) Importer(815301076,1909f56bfc062723c751e8b465ee728b)  -> (artifact id: '1f43b591bd77e275dfed7c40b4dc8efb') in 0.027819 seconds
  Import took 0.030065 seconds .

========================================================================
Received Import Request.
  Time since last request: 0.000164 seconds.
  path: Assets/Sets - Gems/Prefabs/Gems - Crystal/gem_01.prefab
  artifactKey: Guid(1b36e1bf30151490d98e82d972588de6) Importer(815301076,1909f56bfc062723c751e8b465ee728b)
Start importing Assets/Sets - Gems/Prefabs/Gems - Crystal/gem_01.prefab using Guid(1b36e1bf30151490d98e82d972588de6) Importer(815301076,1909f56bfc062723c751e8b465ee728b)  -> (artifact id: 'd0bd467d1e7e578e3e10008a9b207042') in 0.026771 seconds
  Import took 0.028833 seconds .

========================================================================
Received Import Request.
  Time since last request: 0.000171 seconds.
  path: Assets/Sets - Gems/Prefabs/Gems - Rose/gem_01.prefab
  artifactKey: Guid(0b051b2bbb4f44d91a5211b94fd6a4db) Importer(815301076,1909f56bfc062723c751e8b465ee728b)
Start importing Assets/Sets - Gems/Prefabs/Gems - Rose/gem_01.prefab using Guid(0b051b2bbb4f44d91a5211b94fd6a4db) Importer(815301076,1909f56bfc062723c751e8b465ee728b)  -> (artifact id: 'e47a60bdc450d6da8ef60188f0d3a3fd') in 0.026302 seconds
  Import took 0.028363 seconds .

========================================================================
Received Import Request.
  Time since last request: 0.209056 seconds.
  path: Assets/Sets - Gems/Prefabs/Gems - Aquamarine/gem_01.prefab
  artifactKey: Guid(e57281496eb794b869233b35e17b19f6) Importer(815301076,1909f56bfc062723c751e8b465ee728b)
Start importing Assets/Sets - Gems/Prefabs/Gems - Aquamarine/gem_01.prefab using Guid(e57281496eb794b869233b35e17b19f6) Importer(815301076,1909f56bfc062723c751e8b465ee728b)  -> (artifact id: '1e767bc60b4af2dd166d7ad672c44930') in 0.026049 seconds
  Import took 0.028372 seconds .

========================================================================
Received Import Request.
  Time since last request: 0.000172 seconds.
  path: Assets/Sets - Gems/Prefabs/Gems - Purple Dark/gem_01.prefab
  artifactKey: Guid(51c1c4d2cbf614a1c89a64d5e5e06596) Importer(815301076,1909f56bfc062723c751e8b465ee728b)
Start importing Assets/Sets - Gems/Prefabs/Gems - Purple Dark/gem_01.prefab using Guid(51c1c4d2cbf614a1c89a64d5e5e06596) Importer(815301076,1909f56bfc062723c751e8b465ee728b)  -> (artifact id: '3bec86cfba0ff6485f25e74e915def1e') in 0.027191 seconds
  Import took 0.029473 seconds .

========================================================================
Received Import Request.
  Time since last request: 0.000173 seconds.
  path: Assets/Sets - Gems/Prefabs/Gems - Green/gem_01.prefab
  artifactKey: Guid(1a1bc33edb24341b18ff1595d90cd027) Importer(815301076,1909f56bfc062723c751e8b465ee728b)
Start importing Assets/Sets - Gems/Prefabs/Gems - Green/gem_01.prefab using Guid(1a1bc33edb24341b18ff1595d90cd027) Importer(815301076,1909f56bfc062723c751e8b465ee728b)  -> (artifact id: 'c216cbbb255e40ee907c33475146bc8c') in 0.026512 seconds
  Import took 0.028649 seconds .

========================================================================
Received Import Request.
  Time since last request: 0.000189 seconds.
  path: Assets/Sets - Gems/Prefabs/Gems - Purple Dark/gem_01.prefab
  artifactKey: Guid(51c1c4d2cbf614a1c89a64d5e5e06596) Importer(815301076,1909f56bfc062723c751e8b465ee728b)
Start importing Assets/Sets - Gems/Prefabs/Gems - Purple Dark/gem_01.prefab using Guid(51c1c4d2cbf614a1c89a64d5e5e06596) Importer(815301076,1909f56bfc062723c751e8b465ee728b)  -> (artifact id: '3bec86cfba0ff6485f25e74e915def1e') in 0.024761 seconds
  Import took 0.026930 seconds .

========================================================================
Received Import Request.
  Time since last request: 0.000173 seconds.
  path: Assets/Sets - Gems/Prefabs/Gems - Pink/gem_02.prefab
  artifactKey: Guid(6d97ef783063a4e9aabe4bb0b788905e) Importer(815301076,1909f56bfc062723c751e8b465ee728b)
Start importing Assets/Sets - Gems/Prefabs/Gems - Pink/gem_02.prefab using Guid(6d97ef783063a4e9aabe4bb0b788905e) Importer(815301076,1909f56bfc062723c751e8b465ee728b)  -> (artifact id: 'ac31f69b31f530d0fc22ba7db767460a') in 0.029542 seconds
  Import took 0.031679 seconds .

========================================================================
Received Import Request.
  Time since last request: 0.000164 seconds.
  path: Assets/Sets - Gems/Prefabs/Gems - Green/gem_01.prefab
  artifactKey: Guid(1a1bc33edb24341b18ff1595d90cd027) Importer(815301076,1909f56bfc062723c751e8b465ee728b)
Start importing Assets/Sets - Gems/Prefabs/Gems - Green/gem_01.prefab using Guid(1a1bc33edb24341b18ff1595d90cd027) Importer(815301076,1909f56bfc062723c751e8b465ee728b)  -> (artifact id: 'c216cbbb255e40ee907c33475146bc8c') in 0.025255 seconds
  Import took 0.027328 seconds .

========================================================================
Received Import Request.
  Time since last request: 0.000162 seconds.
  path: Assets/Sets - Gems/Prefabs/Gems - Aquamarine/gem_01.prefab
  artifactKey: Guid(e57281496eb794b869233b35e17b19f6) Importer(815301076,1909f56bfc062723c751e8b465ee728b)
Start importing Assets/Sets - Gems/Prefabs/Gems - Aquamarine/gem_01.prefab using Guid(e57281496eb794b869233b35e17b19f6) Importer(815301076,1909f56bfc062723c751e8b465ee728b)  -> (artifact id: '1e767bc60b4af2dd166d7ad672c44930') in 0.025663 seconds
  Import took 0.028032 seconds .

========================================================================
Received Import Request.
  Time since last request: 0.000169 seconds.
  path: Assets/Sets - Gems/Prefabs/Gems - Purple/gem_01.prefab
  artifactKey: Guid(3b7f703705f164793be0727d13b4cd15) Importer(815301076,1909f56bfc062723c751e8b465ee728b)
Start importing Assets/Sets - Gems/Prefabs/Gems - Purple/gem_01.prefab using Guid(3b7f703705f164793be0727d13b4cd15) Importer(815301076,1909f56bfc062723c751e8b465ee728b)  -> (artifact id: '73c572abdc60273c1bdb8f815693dad3') in 0.027224 seconds
  Import took 0.029289 seconds .

========================================================================
Received Import Request.
  Time since last request: 0.000159 seconds.
  path: Assets/Sets - Gems/Prefabs/Gems - Purple Dark/gem_02.prefab
  artifactKey: Guid(d0e3b430548274a079a47c72c727caa8) Importer(815301076,1909f56bfc062723c751e8b465ee728b)
Start importing Assets/Sets - Gems/Prefabs/Gems - Purple Dark/gem_02.prefab using Guid(d0e3b430548274a079a47c72c727caa8) Importer(815301076,1909f56bfc062723c751e8b465ee728b)  -> (artifact id: '59fbadce817de44a616cdb375873f119') in 0.031034 seconds
  Import took 0.033101 seconds .

========================================================================
Received Import Request.
  Time since last request: 0.000162 seconds.
  path: Assets/Sets - Gems/Prefabs/Gems - Aquamarine/gem_02.prefab
  artifactKey: Guid(dd80fe75a6c714c02ba3a4bb4a053e75) Importer(815301076,1909f56bfc062723c751e8b465ee728b)
Start importing Assets/Sets - Gems/Prefabs/Gems - Aquamarine/gem_02.prefab using Guid(dd80fe75a6c714c02ba3a4bb4a053e75) Importer(815301076,1909f56bfc062723c751e8b465ee728b)  -> (artifact id: '3bcf8b9d8e67e1a3b0bfe8f4780872e8') in 0.031172 seconds
  Import took 0.033275 seconds .

========================================================================
Received Import Request.
  Time since last request: 0.000156 seconds.
  path: Assets/Sets - Gems/Prefabs/Gems - Rose/gem_02.prefab
  artifactKey: Guid(f2855442718784463888357980ae7310) Importer(815301076,1909f56bfc062723c751e8b465ee728b)
Start importing Assets/Sets - Gems/Prefabs/Gems - Rose/gem_02.prefab using Guid(f2855442718784463888357980ae7310) Importer(815301076,1909f56bfc062723c751e8b465ee728b)  -> (artifact id: 'c90f21e361803478bce4bc11d302e42a') in 0.029489 seconds
  Import took 0.031557 seconds .

========================================================================
Received Prepare
Registering precompiled user dll's ...
Registered in 0.000632 seconds.
Begin MonoManager ReloadAssembly
Native extension for WindowsStandalone target not found
Native extension for WebGL target not found
Refreshing native plugins compatible for Editor in 0.26 ms, found 0 plugins.
Preloading 0 native plugins for Editor in 0.00 ms.
Warning: Annotation not found!
UnityEngine.StackTraceUtility:ExtractStackTrace ()
UnityEditor.ProBuilder.EditorUtility:SetGizmoIconEnabled (System.Type,bool) (at Library/PackageCache/com.unity.probuilder@4.5.0/Editor/EditorCore/EditorUtility.cs:593)
UnityEditor.ProBuilder.HierarchyListener:.cctor () (at Library/PackageCache/com.unity.probuilder@4.5.0/Editor/EditorCore/HierarchyListener.cs:21)
System.Runtime.CompilerServices.RuntimeHelpers:RunClassConstructor (System.RuntimeTypeHandle)
UnityEditor.EditorAssemblies:ProcessInitializeOnLoadAttributes (System.Type[])

[Library/PackageCache/com.unity.probuilder@4.5.0/Editor/EditorCore/EditorUtility.cs line 593]

Invoked RoslynAnalysisRunner static constructor.
RoslynAnalysisRunner will not be running.
RoslynAnalysisRunner has terminated.
Mono: successfully reloaded assembly
- Completed reload, in  0.647 seconds
Platform modules already initialized, skipping
Refreshing native plugins compatible for Editor in 0.26 ms, found 0 plugins.
Preloading 0 native plugins for Editor in 0.00 ms.
Unloading 1484 Unused Serialized files (Serialized files now loaded: 0)
System memory in use before: 77.3 MB.
System memory in use after: 77.4 MB.

Unloading 5 unused Assets to reduce memory usage. Loaded Objects now: 2082.
Total: 1.720400 ms (FindLiveObjects: 0.143700 ms CreateObjectMapping: 0.043300 ms MarkObjects: 1.467200 ms  DeleteObjects: 0.065500 ms)

========================================================================
Received Import Request.
  Time since last request: 264.205849 seconds.
  path: Assets/Scripts/FinalGoal.cs
  artifactKey: Guid(e5b072f7c79dee44aa9cac12e449a23a) Importer(815301076,1909f56bfc062723c751e8b465ee728b)
Start importing Assets/Scripts/FinalGoal.cs using Guid(e5b072f7c79dee44aa9cac12e449a23a) Importer(815301076,1909f56bfc062723c751e8b465ee728b)  -> (artifact id: 'e246eb2937be23b5484e1c8168f9f1f7') in 0.022520 seconds
  Import took 0.024706 seconds .

========================================================================
Received Prepare
Registering precompiled user dll's ...
Registered in 0.000669 seconds.
Begin MonoManager ReloadAssembly
Native extension for WindowsStandalone target not found
Native extension for WebGL target not found
Refreshing native plugins compatible for Editor in 0.27 ms, found 0 plugins.
Preloading 0 native plugins for Editor in 0.00 ms.
Warning: Annotation not found!
UnityEngine.StackTraceUtility:ExtractStackTrace ()
UnityEditor.ProBuilder.EditorUtility:SetGizmoIconEnabled (System.Type,bool) (at Library/PackageCache/com.unity.probuilder@4.5.0/Editor/EditorCore/EditorUtility.cs:593)
UnityEditor.ProBuilder.HierarchyListener:.cctor () (at Library/PackageCache/com.unity.probuilder@4.5.0/Editor/EditorCore/HierarchyListener.cs:21)
System.Runtime.CompilerServices.RuntimeHelpers:RunClassConstructor (System.RuntimeTypeHandle)
UnityEditor.EditorAssemblies:ProcessInitializeOnLoadAttributes (System.Type[])

[Library/PackageCache/com.unity.probuilder@4.5.0/Editor/EditorCore/EditorUtility.cs line 593]

Invoked RoslynAnalysisRunner static constructor.
RoslynAnalysisRunner will not be running.
RoslynAnalysisRunner has terminated.
Mono: successfully reloaded assembly
- Completed reload, in  0.646 seconds
Platform modules already initialized, skipping
Refreshing native plugins compatible for Editor in 0.28 ms, found 0 plugins.
Preloading 0 native plugins for Editor in 0.00 ms.
Unloading 1485 Unused Serialized files (Serialized files now loaded: 0)
System memory in use before: 77.3 MB.
System memory in use after: 77.4 MB.

Unloading 5 unused Assets to reduce memory usage. Loaded Objects now: 2086.
Total: 2.139500 ms (FindLiveObjects: 0.169800 ms CreateObjectMapping: 0.047700 ms MarkObjects: 1.840100 ms  DeleteObjects: 0.080700 ms)

========================================================================
Received Prepare
Registering precompiled user dll's ...
Registered in 0.000703 seconds.
Begin MonoManager ReloadAssembly
Native extension for WindowsStandalone target not found
Native extension for WebGL target not found
Refreshing native plugins compatible for Editor in 0.26 ms, found 0 plugins.
Preloading 0 native plugins for Editor in 0.00 ms.
Warning: Annotation not found!
UnityEngine.StackTraceUtility:ExtractStackTrace ()
UnityEditor.ProBuilder.EditorUtility:SetGizmoIconEnabled (System.Type,bool) (at Library/PackageCache/com.unity.probuilder@4.5.0/Editor/EditorCore/EditorUtility.cs:593)
UnityEditor.ProBuilder.HierarchyListener:.cctor () (at Library/PackageCache/com.unity.probuilder@4.5.0/Editor/EditorCore/HierarchyListener.cs:21)
System.Runtime.CompilerServices.RuntimeHelpers:RunClassConstructor (System.RuntimeTypeHandle)
UnityEditor.EditorAssemblies:ProcessInitializeOnLoadAttributes (System.Type[])

[Library/PackageCache/com.unity.probuilder@4.5.0/Editor/EditorCore/EditorUtility.cs line 593]

Invoked RoslynAnalysisRunner static constructor.
RoslynAnalysisRunner will not be running.
RoslynAnalysisRunner has terminated.
Mono: successfully reloaded assembly
- Completed reload, in  0.645 seconds
Platform modules already initialized, skipping
Refreshing native plugins compatible for Editor in 0.27 ms, found 0 plugins.
Preloading 0 native plugins for Editor in 0.00 ms.
Unloading 1485 Unused Serialized files (Serialized files now loaded: 0)
System memory in use before: 77.4 MB.
System memory in use after: 77.4 MB.

Unloading 5 unused Assets to reduce memory usage. Loaded Objects now: 2089.
Total: 1.865600 ms (FindLiveObjects: 0.151500 ms CreateObjectMapping: 0.044600 ms MarkObjects: 1.590200 ms  DeleteObjects: 0.078300 ms)

========================================================================
Received Import Request.
  Time since last request: 142.666251 seconds.
  path: Assets/Scenes/Menu.unity
  artifactKey: Guid(618c0950372f71849977bce368ecc86f) Importer(815301076,1909f56bfc062723c751e8b465ee728b)
Start importing Assets/Scenes/Menu.unity using Guid(618c0950372f71849977bce368ecc86f) Importer(815301076,1909f56bfc062723c751e8b465ee728b)  -> (artifact id: 'ffe2c67cff6278ae95941c694f1a655c') in 0.007426 seconds
  Import took 0.009580 seconds .

========================================================================
Received Import Request.
  Time since last request: 0.002645 seconds.
  path: Assets/Scenes/Menu.unity
  artifactKey: Guid(618c0950372f71849977bce368ecc86f) Importer(815301076,1909f56bfc062723c751e8b465ee728b)
Start importing Assets/Scenes/Menu.unity using Guid(618c0950372f71849977bce368ecc86f) Importer(815301076,1909f56bfc062723c751e8b465ee728b)  -> (artifact id: 'ffe2c67cff6278ae95941c694f1a655c') in 0.003297 seconds
  Import took 0.005322 seconds .

========================================================================
Received Prepare
Registering precompiled user dll's ...
Registered in 0.000809 seconds.
Begin MonoManager ReloadAssembly
Native extension for WindowsStandalone target not found
Native extension for WebGL target not found
Refreshing native plugins compatible for Editor in 0.27 ms, found 0 plugins.
Preloading 0 native plugins for Editor in 0.00 ms.
Warning: Annotation not found!
UnityEngine.StackTraceUtility:ExtractStackTrace ()
UnityEditor.ProBuilder.EditorUtility:SetGizmoIconEnabled (System.Type,bool) (at Library/PackageCache/com.unity.probuilder@4.5.0/Editor/EditorCore/EditorUtility.cs:593)
UnityEditor.ProBuilder.HierarchyListener:.cctor () (at Library/PackageCache/com.unity.probuilder@4.5.0/Editor/EditorCore/HierarchyListener.cs:21)
System.Runtime.CompilerServices.RuntimeHelpers:RunClassConstructor (System.RuntimeTypeHandle)
UnityEditor.EditorAssemblies:ProcessInitializeOnLoadAttributes (System.Type[])

[Library/PackageCache/com.unity.probuilder@4.5.0/Editor/EditorCore/EditorUtility.cs line 593]

Invoked RoslynAnalysisRunner static constructor.
RoslynAnalysisRunner will not be running.
RoslynAnalysisRunner has terminated.
Mono: successfully reloaded assembly
- Completed reload, in  0.654 seconds
Platform modules already initialized, skipping
Refreshing native plugins compatible for Editor in 0.27 ms, found 0 plugins.
Preloading 0 native plugins for Editor in 0.00 ms.
Unloading 1485 Unused Serialized files (Serialized files now loaded: 0)
System memory in use before: 77.4 MB.
System memory in use after: 77.4 MB.

Unloading 5 unused Assets to reduce memory usage. Loaded Objects now: 2092.
Total: 1.660100 ms (FindLiveObjects: 0.146100 ms CreateObjectMapping: 0.042400 ms MarkObjects: 1.407200 ms  DeleteObjects: 0.063500 ms)

========================================================================
Received Prepare
Refreshing native plugins compatible for Editor in 0.70 ms, found 0 plugins.
Preloading 0 native plugins for Editor in 0.00 ms.
Unloading 3 Unused Serialized files (Serialized files now loaded: 0)
System memory in use before: 48.0 MB.
System memory in use after: 48.1 MB.

Unloading 3 unused Assets to reduce memory usage. Loaded Objects now: 2092.
Total: 1.968700 ms (FindLiveObjects: 0.195500 ms CreateObjectMapping: 0.050800 ms MarkObjects: 1.649200 ms  DeleteObjects: 0.072000 ms)

========================================================================
Received Import Request.
  Time since last request: 361.919811 seconds.
  path: Assets/Scenes/Tutorial.unity
  artifactKey: Guid(9fc0d4010bbf28b4594072e72b8655ab) Importer(815301076,1909f56bfc062723c751e8b465ee728b)
Start importing Assets/Scenes/Tutorial.unity using Guid(9fc0d4010bbf28b4594072e72b8655ab) Importer(815301076,1909f56bfc062723c751e8b465ee728b)  -> (artifact id: '1a0cc604c94a7fb4526dcb6958c0bf76') in 0.022995 seconds
  Import took 0.026626 seconds .

========================================================================
Received Prepare
Registering precompiled user dll's ...
Registered in 0.000682 seconds.
Begin MonoManager ReloadAssembly
Native extension for WindowsStandalone target not found
Native extension for WebGL target not found
Refreshing native plugins compatible for Editor in 0.26 ms, found 0 plugins.
Preloading 0 native plugins for Editor in 0.00 ms.
Warning: Annotation not found!
UnityEngine.StackTraceUtility:ExtractStackTrace ()
UnityEditor.ProBuilder.EditorUtility:SetGizmoIconEnabled (System.Type,bool) (at Library/PackageCache/com.unity.probuilder@4.5.0/Editor/EditorCore/EditorUtility.cs:593)
UnityEditor.ProBuilder.HierarchyListener:.cctor () (at Library/PackageCache/com.unity.probuilder@4.5.0/Editor/EditorCore/HierarchyListener.cs:21)
System.Runtime.CompilerServices.RuntimeHelpers:RunClassConstructor (System.RuntimeTypeHandle)
UnityEditor.EditorAssemblies:ProcessInitializeOnLoadAttributes (System.Type[])

[Library/PackageCache/com.unity.probuilder@4.5.0/Editor/EditorCore/EditorUtility.cs line 593]

Invoked RoslynAnalysisRunner static constructor.
RoslynAnalysisRunner will not be running.
RoslynAnalysisRunner has terminated.
Mono: successfully reloaded assembly
- Completed reload, in  0.653 seconds
Platform modules already initialized, skipping
Refreshing native plugins compatible for Editor in 0.28 ms, found 0 plugins.
Preloading 0 native plugins for Editor in 0.00 ms.
Unloading 1485 Unused Serialized files (Serialized files now loaded: 0)
System memory in use before: 77.4 MB.
System memory in use after: 77.5 MB.

Unloading 5 unused Assets to reduce memory usage. Loaded Objects now: 2095.
Total: 1.706300 ms (FindLiveObjects: 0.161800 ms CreateObjectMapping: 0.045400 ms MarkObjects: 1.424000 ms  DeleteObjects: 0.074300 ms)

========================================================================
Received Prepare
Refreshing native plugins compatible for Editor in 1.10 ms, found 0 plugins.
Preloading 0 native plugins for Editor in 0.00 ms.
Unloading 3 Unused Serialized files (Serialized files now loaded: 0)
System memory in use before: 48.1 MB.
System memory in use after: 48.2 MB.

Unloading 3 unused Assets to reduce memory usage. Loaded Objects now: 2095.
Total: 2.074000 ms (FindLiveObjects: 0.187700 ms CreateObjectMapping: 0.054800 ms MarkObjects: 1.739600 ms  DeleteObjects: 0.090900 ms)

========================================================================
Received Import Request.
  Time since last request: 281.116553 seconds.
  path: Assets/Scripts/GameManager.cs
  artifactKey: Guid(ebbab8654dfa4b840844a480d7f87d85) Importer(815301076,1909f56bfc062723c751e8b465ee728b)
Start importing Assets/Scripts/GameManager.cs using Guid(ebbab8654dfa4b840844a480d7f87d85) Importer(815301076,1909f56bfc062723c751e8b465ee728b)  -> (artifact id: 'f1eb92b73f141a8e70862d7b50483e36') in 0.020454 seconds
  Import took 0.023794 seconds .

========================================================================
Received Prepare
Registering precompiled user dll's ...
Registered in 0.000770 seconds.
Begin MonoManager ReloadAssembly
Native extension for WindowsStandalone target not found
Native extension for WebGL target not found
Refreshing native plugins compatible for Editor in 0.28 ms, found 0 plugins.
Preloading 0 native plugins for Editor in 0.00 ms.
Warning: Annotation not found!
UnityEngine.StackTraceUtility:ExtractStackTrace ()
UnityEditor.ProBuilder.EditorUtility:SetGizmoIconEnabled (System.Type,bool) (at Library/PackageCache/com.unity.probuilder@4.5.0/Editor/EditorCore/EditorUtility.cs:593)
UnityEditor.ProBuilder.HierarchyListener:.cctor () (at Library/PackageCache/com.unity.probuilder@4.5.0/Editor/EditorCore/HierarchyListener.cs:21)
System.Runtime.CompilerServices.RuntimeHelpers:RunClassConstructor (System.RuntimeTypeHandle)
UnityEditor.EditorAssemblies:ProcessInitializeOnLoadAttributes (System.Type[])

[Library/PackageCache/com.unity.probuilder@4.5.0/Editor/EditorCore/EditorUtility.cs line 593]

Invoked RoslynAnalysisRunner static constructor.
RoslynAnalysisRunner will not be running.
RoslynAnalysisRunner has terminated.
Mono: successfully reloaded assembly
- Completed reload, in  0.683 seconds
Platform modules already initialized, skipping
Refreshing native plugins compatible for Editor in 0.27 ms, found 0 plugins.
Preloading 0 native plugins for Editor in 0.00 ms.
Unloading 1485 Unused Serialized files (Serialized files now loaded: 0)
System memory in use before: 77.5 MB.
System memory in use after: 77.6 MB.

Unloading 5 unused Assets to reduce memory usage. Loaded Objects now: 2098.
Total: 2.182700 ms (FindLiveObjects: 0.170700 ms CreateObjectMapping: 0.053900 ms MarkObjects: 1.872800 ms  DeleteObjects: 0.084100 ms)

========================================================================
Received Import Request.
  Time since last request: 22.365725 seconds.
  path: Assets/Scripts/GameManager.cs
  artifactKey: Guid(ebbab8654dfa4b840844a480d7f87d85) Importer(815301076,1909f56bfc062723c751e8b465ee728b)
Start importing Assets/Scripts/GameManager.cs using Guid(ebbab8654dfa4b840844a480d7f87d85) Importer(815301076,1909f56bfc062723c751e8b465ee728b)  -> (artifact id: 'cb4698dc704cb8f27db7d71b17336289') in 0.019723 seconds
  Import took 0.023520 seconds .

========================================================================
Received Import Request.
  Time since last request: 13.670917 seconds.
  path: Assets/Scenes/Tutorial.unity
  artifactKey: Guid(9fc0d4010bbf28b4594072e72b8655ab) Importer(815301076,1909f56bfc062723c751e8b465ee728b)
Start importing Assets/Scenes/Tutorial.unity using Guid(9fc0d4010bbf28b4594072e72b8655ab) Importer(815301076,1909f56bfc062723c751e8b465ee728b)  -> (artifact id: 'b6f4e74d9567900c7e9beecd412cc7e6') in 0.021064 seconds
  Import took 0.025104 seconds .

========================================================================
Received Import Request.
  Time since last request: 27.324280 seconds.
  path: Assets/Scenes/Level1.unity
  artifactKey: Guid(a28790947ab6902408120c85625ae51f) Importer(815301076,1909f56bfc062723c751e8b465ee728b)
Start importing Assets/Scenes/Level1.unity using Guid(a28790947ab6902408120c85625ae51f) Importer(815301076,1909f56bfc062723c751e8b465ee728b)  -> (artifact id: 'a6755070f5a3e773951d0bd8ce1f4464') in 0.018497 seconds
  Import took 0.020633 seconds .

========================================================================
Received Import Request.
  Time since last request: 13.354492 seconds.
  path: Assets/Scenes/Level2.unity
  artifactKey: Guid(afa42066ce2e5314e99048f2a7f32ab9) Importer(815301076,1909f56bfc062723c751e8b465ee728b)
Start importing Assets/Scenes/Level2.unity using Guid(afa42066ce2e5314e99048f2a7f32ab9) Importer(815301076,1909f56bfc062723c751e8b465ee728b)  -> (artifact id: '94151b21105428d2daa5ce400fe2c2aa') in 0.018687 seconds
  Import took 0.022174 seconds .

========================================================================
Received Prepare
Refreshing native plugins compatible for Editor in 0.83 ms, found 0 plugins.
Preloading 0 native plugins for Editor in 0.00 ms.
Unloading 3 Unused Serialized files (Serialized files now loaded: 0)
System memory in use before: 48.3 MB.
System memory in use after: 48.3 MB.

Unloading 3 unused Assets to reduce memory usage. Loaded Objects now: 2098.
Total: 1.965700 ms (FindLiveObjects: 0.228200 ms CreateObjectMapping: 0.053400 ms MarkObjects: 1.601500 ms  DeleteObjects: 0.081700 ms)

========================================================================
Received Prepare
Refreshing native plugins compatible for Editor in 0.77 ms, found 0 plugins.
Preloading 0 native plugins for Editor in 0.00 ms.
Unloading 3 Unused Serialized files (Serialized files now loaded: 0)
System memory in use before: 48.3 MB.
System memory in use after: 48.4 MB.

Unloading 3 unused Assets to reduce memory usage. Loaded Objects now: 2098.
Total: 2.687400 ms (FindLiveObjects: 0.366700 ms CreateObjectMapping: 0.111300 ms MarkObjects: 2.111000 ms  DeleteObjects: 0.095600 ms)

========================================================================
Received Prepare
Registering precompiled user dll's ...
Registered in 0.000816 seconds.
Begin MonoManager ReloadAssembly
Native extension for WindowsStandalone target not found
Native extension for WebGL target not found
Refreshing native plugins compatible for Editor in 0.29 ms, found 0 plugins.
Preloading 0 native plugins for Editor in 0.00 ms.
Warning: Annotation not found!
UnityEngine.StackTraceUtility:ExtractStackTrace ()
UnityEditor.ProBuilder.EditorUtility:SetGizmoIconEnabled (System.Type,bool) (at Library/PackageCache/com.unity.probuilder@4.5.0/Editor/EditorCore/EditorUtility.cs:593)
UnityEditor.ProBuilder.HierarchyListener:.cctor () (at Library/PackageCache/com.unity.probuilder@4.5.0/Editor/EditorCore/HierarchyListener.cs:21)
System.Runtime.CompilerServices.RuntimeHelpers:RunClassConstructor (System.RuntimeTypeHandle)
UnityEditor.EditorAssemblies:ProcessInitializeOnLoadAttributes (System.Type[])

[Library/PackageCache/com.unity.probuilder@4.5.0/Editor/EditorCore/EditorUtility.cs line 593]

Invoked RoslynAnalysisRunner static constructor.
RoslynAnalysisRunner will not be running.
RoslynAnalysisRunner has terminated.
Mono: successfully reloaded assembly
- Completed reload, in  0.642 seconds
Platform modules already initialized, skipping
Refreshing native plugins compatible for Editor in 0.27 ms, found 0 plugins.
Preloading 0 native plugins for Editor in 0.00 ms.
Unloading 1485 Unused Serialized files (Serialized files now loaded: 0)
System memory in use before: 77.6 MB.
System memory in use after: 77.7 MB.

Unloading 5 unused Assets to reduce memory usage. Loaded Objects now: 2101.
Total: 1.713400 ms (FindLiveObjects: 0.154800 ms CreateObjectMapping: 0.042000 ms MarkObjects: 1.437200 ms  DeleteObjects: 0.078500 ms)

========================================================================
Received Prepare
Refreshing native plugins compatible for Editor in 0.71 ms, found 0 plugins.
Preloading 0 native plugins for Editor in 0.00 ms.
Unloading 3 Unused Serialized files (Serialized files now loaded: 0)
System memory in use before: 48.2 MB.
System memory in use after: 48.3 MB.

Unloading 3 unused Assets to reduce memory usage. Loaded Objects now: 2101.
Total: 2.194300 ms (FindLiveObjects: 0.185200 ms CreateObjectMapping: 0.058000 ms MarkObjects: 1.859500 ms  DeleteObjects: 0.090400 ms)

========================================================================
Received Prepare
Registering precompiled user dll's ...
Registered in 0.000714 seconds.
Begin MonoManager ReloadAssembly
Native extension for WindowsStandalone target not found
Native extension for WebGL target not found
Refreshing native plugins compatible for Editor in 0.26 ms, found 0 plugins.
Preloading 0 native plugins for Editor in 0.00 ms.
Warning: Annotation not found!
UnityEngine.StackTraceUtility:ExtractStackTrace ()
UnityEditor.ProBuilder.EditorUtility:SetGizmoIconEnabled (System.Type,bool) (at Library/PackageCache/com.unity.probuilder@4.5.0/Editor/EditorCore/EditorUtility.cs:593)
UnityEditor.ProBuilder.HierarchyListener:.cctor () (at Library/PackageCache/com.unity.probuilder@4.5.0/Editor/EditorCore/HierarchyListener.cs:21)
System.Runtime.CompilerServices.RuntimeHelpers:RunClassConstructor (System.RuntimeTypeHandle)
UnityEditor.EditorAssemblies:ProcessInitializeOnLoadAttributes (System.Type[])

[Library/PackageCache/com.unity.probuilder@4.5.0/Editor/EditorCore/EditorUtility.cs line 593]

Invoked RoslynAnalysisRunner static constructor.
RoslynAnalysisRunner will not be running.
RoslynAnalysisRunner has terminated.
Mono: successfully reloaded assembly
- Completed reload, in  0.651 seconds
Platform modules already initialized, skipping
Refreshing native plugins compatible for Editor in 0.27 ms, found 0 plugins.
Preloading 0 native plugins for Editor in 0.00 ms.
Unloading 1485 Unused Serialized files (Serialized files now loaded: 0)
System memory in use before: 77.6 MB.
System memory in use after: 77.7 MB.

Unloading 5 unused Assets to reduce memory usage. Loaded Objects now: 2104.
Total: 1.906300 ms (FindLiveObjects: 0.154500 ms CreateObjectMapping: 0.042000 ms MarkObjects: 1.622700 ms  DeleteObjects: 0.086400 ms)

========================================================================
Received Prepare
Refreshing native plugins compatible for Editor in 0.74 ms, found 0 plugins.
Preloading 0 native plugins for Editor in 0.00 ms.
Unloading 3 Unused Serialized files (Serialized files now loaded: 0)
System memory in use before: 48.3 MB.
System memory in use after: 48.4 MB.

Unloading 3 unused Assets to reduce memory usage. Loaded Objects now: 2104.
Total: 1.957400 ms (FindLiveObjects: 0.153000 ms CreateObjectMapping: 0.042000 ms MarkObjects: 1.678200 ms  DeleteObjects: 0.083000 ms)

========================================================================
Received Import Request.
  Time since last request: 348.729082 seconds.
  path: Assets/Scenes/Level1.unity
  artifactKey: Guid(a28790947ab6902408120c85625ae51f) Importer(815301076,1909f56bfc062723c751e8b465ee728b)
Start importing Assets/Scenes/Level1.unity using Guid(a28790947ab6902408120c85625ae51f) Importer(815301076,1909f56bfc062723c751e8b465ee728b)  -> (artifact id: '5e779e1e12805a0a405668cad7e1c14c') in 0.021367 seconds
  Import took 0.024904 seconds .

========================================================================
Received Import Request.
  Time since last request: 12.752210 seconds.
  path: Assets/Scenes/Level2.unity
  artifactKey: Guid(afa42066ce2e5314e99048f2a7f32ab9) Importer(815301076,1909f56bfc062723c751e8b465ee728b)
Start importing Assets/Scenes/Level2.unity using Guid(afa42066ce2e5314e99048f2a7f32ab9) Importer(815301076,1909f56bfc062723c751e8b465ee728b)  -> (artifact id: '4d4184d59c23f9ff156628b6dfa1679f') in 0.018288 seconds
  Import took 0.021794 seconds .

========================================================================
Received Prepare
Refreshing native plugins compatible for Editor in 0.69 ms, found 0 plugins.
Preloading 0 native plugins for Editor in 0.00 ms.
Unloading 3 Unused Serialized files (Serialized files now loaded: 0)
System memory in use before: 48.3 MB.
System memory in use after: 48.4 MB.

Unloading 3 unused Assets to reduce memory usage. Loaded Objects now: 2104.
Total: 2.017900 ms (FindLiveObjects: 0.178300 ms CreateObjectMapping: 0.056700 ms MarkObjects: 1.700300 ms  DeleteObjects: 0.081300 ms)

========================================================================
Received Import Request.
  Time since last request: 53.615992 seconds.
  path: Assets/Scenes/Tutorial.unity
  artifactKey: Guid(9fc0d4010bbf28b4594072e72b8655ab) Importer(815301076,1909f56bfc062723c751e8b465ee728b)
Start importing Assets/Scenes/Tutorial.unity using Guid(9fc0d4010bbf28b4594072e72b8655ab) Importer(815301076,1909f56bfc062723c751e8b465ee728b)  -> (artifact id: 'a495a93cade4b29293c0f31d15f23fac') in 0.020685 seconds
  Import took 0.024368 seconds .

========================================================================
Received Prepare
Refreshing native plugins compatible for Editor in 0.98 ms, found 0 plugins.
Preloading 0 native plugins for Editor in 0.00 ms.
Unloading 3 Unused Serialized files (Serialized files now loaded: 0)
System memory in use before: 48.3 MB.
System memory in use after: 48.4 MB.

Unloading 3 unused Assets to reduce memory usage. Loaded Objects now: 2104.
Total: 1.813500 ms (FindLiveObjects: 0.172700 ms CreateObjectMapping: 0.050700 ms MarkObjects: 1.507500 ms  DeleteObjects: 0.081700 ms)

AssetImportWorkerClient::OnTransportError - code=2 error=End of file
